Apr 29, 2014 9:01:44 AM org.apache.coyote.http11.Http11Protocol pause
INFO: Pausing Coyote HTTP/1.1 on http-8181
Apr 29, 2014 9:01:45 AM org.apache.catalina.core.StandardService stop
INFO: Stopping service Catalina
Apr 29, 2014 9:01:45 AM org.apache.catalina.loader.WebappClassLoader clearReferencesJdbc
SEVERE: The web application [/monkey_foxwan_web] registered the JDBC driver [com.mysql.jdbc.Driver] but failed to unregister it when the web application was stopped. To prevent a memory leak, the JDBC Driver has been forcibly unregistered.
Apr 29, 2014 9:01:45 AM org.apache.catalina.loader.WebappClassLoader clearReferencesJdbc
SEVERE: The web application [/monkey_foxwan_web] registered the JDBC driver [com.mysql.jdbc.Driver] but failed to unregister it when the web application was stopped. To prevent a memory leak, the JDBC Driver has been forcibly unregistered.
Apr 29, 2014 9:01:45 AM org.apache.catalina.loader.WebappClassLoader clearReferencesThreads
SEVERE: The web application [/monkey_foxwan_web] appears to have started a thread named [Thread-22] but has failed to stop it. This is very likely to create a memory leak.
Apr 29, 2014 9:01:45 AM org.apache.catalina.loader.WebappClassLoader clearReferencesThreads
SEVERE: The web application [/monkey_foxwan_web] appears to have started a thread named [NioProcessor-29] but has failed to stop it. This is very likely to create a memory leak.
Apr 29, 2014 9:01:45 AM org.apache.catalina.loader.WebappClassLoader checkThreadLocalMapForLeaks
SEVERE: The web application [/monkey_foxwan_web] created a ThreadLocal with key of type [java.lang.ThreadLocal] (value [java.lang.ThreadLocal@677d8938]) and a value of type [com.ibatis.sqlmap.engine.mapping.result.ResultObjectFactoryUtil.FactorySettings] (value [com.ibatis.sqlmap.engine.mapping.result.ResultObjectFactoryUtil$FactorySettings@62bbf09c]) but failed to remove it when the web application was stopped. This is very likely to create a memory leak.
Apr 29, 2014 9:01:45 AM org.apache.catalina.loader.WebappClassLoader checkThreadLocalMapForLeaks
SEVERE: The web application [/monkey_foxwan_web] created a ThreadLocal with key of type [net.sf.json.AbstractJSON$1] (value [net.sf.json.AbstractJSON$1@20b1c468]) and a value of type [java.util.HashSet] (value [[]]) but failed to remove it when the web application was stopped. This is very likely to create a memory leak.
Apr 29, 2014 9:01:45 AM org.apache.catalina.loader.WebappClassLoader checkThreadLocalMapForLeaks
SEVERE: The web application [/monkey_foxwan_web] created a ThreadLocal with key of type [java.lang.ThreadLocal] (value [java.lang.ThreadLocal@76d5989c]) and a value of type [com.ibatis.sqlmap.engine.impl.SqlMapSessionImpl] (value [com.ibatis.sqlmap.engine.impl.SqlMapSessionImpl@411666b7]) but failed to remove it when the web application was stopped. This is very likely to create a memory leak.
Apr 29, 2014 9:01:45 AM org.apache.catalina.loader.WebappClassLoader checkThreadLocalMapForLeaks
SEVERE: The web application [/monkey_foxwan_web] created a ThreadLocal with key of type [java.lang.ThreadLocal] (value [java.lang.ThreadLocal@677d8938]) and a value of type [com.ibatis.sqlmap.engine.mapping.result.ResultObjectFactoryUtil.FactorySettings] (value [com.ibatis.sqlmap.engine.mapping.result.ResultObjectFactoryUtil$FactorySettings@25b199c3]) but failed to remove it when the web application was stopped. This is very likely to create a memory leak.
Apr 29, 2014 9:01:45 AM org.apache.catalina.loader.WebappClassLoader checkThreadLocalMapForLeaks
SEVERE: The web application [/monkey_foxwan_web] created a ThreadLocal with key of type [net.sf.json.AbstractJSON$1] (value [net.sf.json.AbstractJSON$1@20b1c468]) and a value of type [java.util.HashSet] (value [[]]) but failed to remove it when the web application was stopped. This is very likely to create a memory leak.
Apr 29, 2014 9:01:45 AM org.apache.catalina.loader.WebappClassLoader checkThreadLocalMapForLeaks
SEVERE: The web application [/monkey_foxwan_web] created a ThreadLocal with key of type [java.lang.ThreadLocal] (value [java.lang.ThreadLocal@76d5989c]) and a value of type [com.ibatis.sqlmap.engine.impl.SqlMapSessionImpl] (value [com.ibatis.sqlmap.engine.impl.SqlMapSessionImpl@2ee5e48a]) but failed to remove it when the web application was stopped. This is very likely to create a memory leak.
Apr 29, 2014 9:01:45 AM org.apache.catalina.loader.WebappClassLoader checkThreadLocalMapForLeaks
SEVERE: The web application [/monkey_foxwan_web] created a ThreadLocal with key of type [java.lang.ThreadLocal] (value [java.lang.ThreadLocal@677d8938]) and a value of type [com.ibatis.sqlmap.engine.mapping.result.ResultObjectFactoryUtil.FactorySettings] (value [com.ibatis.sqlmap.engine.mapping.result.ResultObjectFactoryUtil$FactorySettings@76ff3813]) but failed to remove it when the web application was stopped. This is very likely to create a memory leak.
Apr 29, 2014 9:01:45 AM org.apache.catalina.loader.WebappClassLoader checkThreadLocalMapForLeaks
SEVERE: The web application [/monkey_foxwan_web] created a ThreadLocal with key of type [net.sf.json.AbstractJSON$1] (value [net.sf.json.AbstractJSON$1@20b1c468]) and a value of type [java.util.HashSet] (value [[]]) but failed to remove it when the web application was stopped. This is very likely to create a memory leak.
Apr 29, 2014 9:01:45 AM org.apache.catalina.loader.WebappClassLoader checkThreadLocalMapForLeaks
SEVERE: The web application [/monkey_foxwan_web] created a ThreadLocal with key of type [java.lang.ThreadLocal] (value [java.lang.ThreadLocal@76d5989c]) and a value of type [com.ibatis.sqlmap.engine.impl.SqlMapSessionImpl] (value [com.ibatis.sqlmap.engine.impl.SqlMapSessionImpl@6dbaa46d]) but failed to remove it when the web application was stopped. This is very likely to create a memory leak.
Apr 29, 2014 9:01:45 AM org.apache.catalina.loader.WebappClassLoader checkThreadLocalMapForLeaks
SEVERE: The web application [/monkey_foxwan_web] created a ThreadLocal with key of type [java.lang.ThreadLocal] (value [java.lang.ThreadLocal@677d8938]) and a value of type [com.ibatis.sqlmap.engine.mapping.result.ResultObjectFactoryUtil.FactorySettings] (value [com.ibatis.sqlmap.engine.mapping.result.ResultObjectFactoryUtil$FactorySettings@78812862]) but failed to remove it when the web application was stopped. This is very likely to create a memory leak.
Apr 29, 2014 9:01:45 AM org.apache.catalina.loader.WebappClassLoader checkThreadLocalMapForLeaks
SEVERE: The web application [/monkey_foxwan_web] created a ThreadLocal with key of type [net.sf.json.AbstractJSON$1] (value [net.sf.json.AbstractJSON$1@20b1c468]) and a value of type [java.util.HashSet] (value [[]]) but failed to remove it when the web application was stopped. This is very likely to create a memory leak.
Apr 29, 2014 9:01:45 AM org.apache.catalina.loader.WebappClassLoader checkThreadLocalMapForLeaks
SEVERE: The web application [/monkey_foxwan_web] created a ThreadLocal with key of type [java.lang.ThreadLocal] (value [java.lang.ThreadLocal@76d5989c]) and a value of type [com.ibatis.sqlmap.engine.impl.SqlMapSessionImpl] (value [com.ibatis.sqlmap.engine.impl.SqlMapSessionImpl@678277bc]) but failed to remove it when the web application was stopped. This is very likely to create a memory leak.
Apr 29, 2014 9:01:45 AM org.apache.catalina.loader.WebappClassLoader checkThreadLocalMapForLeaks
SEVERE: The web application [/monkey_foxwan_web] created a ThreadLocal with key of type [java.lang.ThreadLocal] (value [java.lang.ThreadLocal@677d8938]) and a value of type [com.ibatis.sqlmap.engine.mapping.result.ResultObjectFactoryUtil.FactorySettings] (value [com.ibatis.sqlmap.engine.mapping.result.ResultObjectFactoryUtil$FactorySettings@26830cbb]) but failed to remove it when the web application was stopped. This is very likely to create a memory leak.
Apr 29, 2014 9:01:45 AM org.apache.catalina.loader.WebappClassLoader checkThreadLocalMapForLeaks
SEVERE: The web application [/monkey_foxwan_web] created a ThreadLocal with key of type [net.sf.json.AbstractJSON$1] (value [net.sf.json.AbstractJSON$1@20b1c468]) and a value of type [java.util.HashSet] (value [[]]) but failed to remove it when the web application was stopped. This is very likely to create a memory leak.
Apr 29, 2014 9:01:45 AM org.apache.catalina.loader.WebappClassLoader checkThreadLocalMapForLeaks
SEVERE: The web application [/monkey_foxwan_web] created a ThreadLocal with key of type [java.lang.ThreadLocal] (value [java.lang.ThreadLocal@76d5989c]) and a value of type [com.ibatis.sqlmap.engine.impl.SqlMapSessionImpl] (value [com.ibatis.sqlmap.engine.impl.SqlMapSessionImpl@65b8dcbd]) but failed to remove it when the web application was stopped. This is very likely to create a memory leak.
Apr 29, 2014 9:01:45 AM org.apache.catalina.loader.WebappClassLoader checkThreadLocalMapForLeaks
SEVERE: The web application [/monkey_foxwan_web] created a ThreadLocal with key of type [java.lang.ThreadLocal] (value [java.lang.ThreadLocal@677d8938]) and a value of type [com.ibatis.sqlmap.engine.mapping.result.ResultObjectFactoryUtil.FactorySettings] (value [com.ibatis.sqlmap.engine.mapping.result.ResultObjectFactoryUtil$FactorySettings@4ba43077]) but failed to remove it when the web application was stopped. This is very likely to create a memory leak.
Apr 29, 2014 9:01:45 AM org.apache.catalina.loader.WebappClassLoader checkThreadLocalMapForLeaks
SEVERE: The web application [/monkey_foxwan_web] created a ThreadLocal with key of type [net.sf.json.AbstractJSON$1] (value [net.sf.json.AbstractJSON$1@20b1c468]) and a value of type [java.util.HashSet] (value [[]]) but failed to remove it when the web application was stopped. This is very likely to create a memory leak.
Apr 29, 2014 9:01:45 AM org.apache.catalina.loader.WebappClassLoader checkThreadLocalMapForLeaks
SEVERE: The web application [/monkey_foxwan_web] created a ThreadLocal with key of type [java.lang.ThreadLocal] (value [java.lang.ThreadLocal@76d5989c]) and a value of type [com.ibatis.sqlmap.engine.impl.SqlMapSessionImpl] (value [com.ibatis.sqlmap.engine.impl.SqlMapSessionImpl@869fb6d]) but failed to remove it when the web application was stopped. This is very likely to create a memory leak.
Apr 29, 2014 9:01:45 AM org.apache.catalina.loader.WebappClassLoader checkThreadLocalMapForLeaks
SEVERE: The web application [/monkey_foxwan_web] created a ThreadLocal with key of type [java.lang.ThreadLocal] (value [java.lang.ThreadLocal@677d8938]) and a value of type [com.ibatis.sqlmap.engine.mapping.result.ResultObjectFactoryUtil.FactorySettings] (value [com.ibatis.sqlmap.engine.mapping.result.ResultObjectFactoryUtil$FactorySettings@65f9b56b]) but failed to remove it when the web application was stopped. This is very likely to create a memory leak.
Apr 29, 2014 9:01:45 AM org.apache.catalina.loader.WebappClassLoader checkThreadLocalMapForLeaks
SEVERE: The web application [/monkey_foxwan_web] created a ThreadLocal with key of type [net.sf.json.AbstractJSON$1] (value [net.sf.json.AbstractJSON$1@20b1c468]) and a value of type [java.util.HashSet] (value [[]]) but failed to remove it when the web application was stopped. This is very likely to create a memory leak.
Apr 29, 2014 9:01:45 AM org.apache.catalina.loader.WebappClassLoader checkThreadLocalMapForLeaks
SEVERE: The web application [/monkey_foxwan_web] created a ThreadLocal with key of type [java.lang.ThreadLocal] (value [java.lang.ThreadLocal@76d5989c]) and a value of type [com.ibatis.sqlmap.engine.impl.SqlMapSessionImpl] (value [com.ibatis.sqlmap.engine.impl.SqlMapSessionImpl@6cf5b81a]) but failed to remove it when the web application was stopped. This is very likely to create a memory leak.
Apr 29, 2014 9:01:45 AM org.apache.catalina.loader.WebappClassLoader checkThreadLocalMapForLeaks
SEVERE: The web application [/monkey_foxwan_web] created a ThreadLocal with key of type [java.lang.ThreadLocal] (value [java.lang.ThreadLocal@677d8938]) and a value of type [com.ibatis.sqlmap.engine.mapping.result.ResultObjectFactoryUtil.FactorySettings] (value [com.ibatis.sqlmap.engine.mapping.result.ResultObjectFactoryUtil$FactorySettings@7809ead8]) but failed to remove it when the web application was stopped. This is very likely to create a memory leak.
Apr 29, 2014 9:01:45 AM org.apache.catalina.loader.WebappClassLoader checkThreadLocalMapForLeaks
SEVERE: The web application [/monkey_foxwan_web] created a ThreadLocal with key of type [net.sf.json.AbstractJSON$1] (value [net.sf.json.AbstractJSON$1@20b1c468]) and a value of type [java.util.HashSet] (value [[]]) but failed to remove it when the web application was stopped. This is very likely to create a memory leak.
Apr 29, 2014 9:01:45 AM org.apache.catalina.loader.WebappClassLoader checkThreadLocalMapForLeaks
SEVERE: The web application [/monkey_foxwan_web] created a ThreadLocal with key of type [java.lang.ThreadLocal] (value [java.lang.ThreadLocal@76d5989c]) and a value of type [com.ibatis.sqlmap.engine.impl.SqlMapSessionImpl] (value [com.ibatis.sqlmap.engine.impl.SqlMapSessionImpl@53194879]) but failed to remove it when the web application was stopped. This is very likely to create a memory leak.
Apr 29, 2014 9:01:45 AM org.apache.catalina.loader.WebappClassLoader checkThreadLocalMapForLeaks
SEVERE: The web application [/monkey_foxwan_web] created a ThreadLocal with key of type [java.lang.ThreadLocal] (value [java.lang.ThreadLocal@677d8938]) and a value of type [com.ibatis.sqlmap.engine.mapping.result.ResultObjectFactoryUtil.FactorySettings] (value [com.ibatis.sqlmap.engine.mapping.result.ResultObjectFactoryUtil$FactorySettings@20e52a8e]) but failed to remove it when the web application was stopped. This is very likely to create a memory leak.
Apr 29, 2014 9:01:45 AM org.apache.catalina.loader.WebappClassLoader checkThreadLocalMapForLeaks
SEVERE: The web application [/monkey_foxwan_web] created a ThreadLocal with key of type [net.sf.json.AbstractJSON$1] (value [net.sf.json.AbstractJSON$1@20b1c468]) and a value of type [java.util.HashSet] (value [[]]) but failed to remove it when the web application was stopped. This is very likely to create a memory leak.
Apr 29, 2014 9:01:45 AM org.apache.catalina.loader.WebappClassLoader checkThreadLocalMapForLeaks
SEVERE: The web application [/monkey_foxwan_web] created a ThreadLocal with key of type [java.lang.ThreadLocal] (value [java.lang.ThreadLocal@76d5989c]) and a value of type [com.ibatis.sqlmap.engine.impl.SqlMapSessionImpl] (value [com.ibatis.sqlmap.engine.impl.SqlMapSessionImpl@254ce181]) but failed to remove it when the web application was stopped. This is very likely to create a memory leak.
Apr 29, 2014 9:01:45 AM org.apache.catalina.loader.WebappClassLoader checkThreadLocalMapForLeaks
SEVERE: The web application [/monkey_foxwan_web] created a ThreadLocal with key of type [java.lang.ThreadLocal] (value [java.lang.ThreadLocal@677d8938]) and a value of type [com.ibatis.sqlmap.engine.mapping.result.ResultObjectFactoryUtil.FactorySettings] (value [com.ibatis.sqlmap.engine.mapping.result.ResultObjectFactoryUtil$FactorySettings@5a68ef48]) but failed to remove it when the web application was stopped. This is very likely to create a memory leak.
Apr 29, 2014 9:01:45 AM org.apache.catalina.loader.WebappClassLoader checkThreadLocalMapForLeaks
SEVERE: The web application [/monkey_foxwan_web] created a ThreadLocal with key of type [net.sf.json.AbstractJSON$1] (value [net.sf.json.AbstractJSON$1@20b1c468]) and a value of type [java.util.HashSet] (value [[]]) but failed to remove it when the web application was stopped. This is very likely to create a memory leak.
Apr 29, 2014 9:01:45 AM org.apache.catalina.loader.WebappClassLoader checkThreadLocalMapForLeaks
SEVERE: The web application [/monkey_foxwan_web] created a ThreadLocal with key of type [java.lang.ThreadLocal] (value [java.lang.ThreadLocal@76d5989c]) and a value of type [com.ibatis.sqlmap.engine.impl.SqlMapSessionImpl] (value [com.ibatis.sqlmap.engine.impl.SqlMapSessionImpl@1f358e57]) but failed to remove it when the web application was stopped. This is very likely to create a memory leak.
Apr 29, 2014 9:01:45 AM org.apache.catalina.loader.WebappClassLoader checkThreadLocalMapForLeaks
SEVERE: The web application [/monkey_foxwan_web] created a ThreadLocal with key of type [java.lang.ThreadLocal] (value [java.lang.ThreadLocal@677d8938]) and a value of type [com.ibatis.sqlmap.engine.mapping.result.ResultObjectFactoryUtil.FactorySettings] (value [com.ibatis.sqlmap.engine.mapping.result.ResultObjectFactoryUtil$FactorySettings@751401c2]) but failed to remove it when the web application was stopped. This is very likely to create a memory leak.
Apr 29, 2014 9:01:45 AM org.apache.catalina.loader.WebappClassLoader checkThreadLocalMapForLeaks
SEVERE: The web application [/monkey_foxwan_web] created a ThreadLocal with key of type [net.sf.json.AbstractJSON$1] (value [net.sf.json.AbstractJSON$1@20b1c468]) and a value of type [java.util.HashSet] (value [[]]) but failed to remove it when the web application was stopped. This is very likely to create a memory leak.
Apr 29, 2014 9:01:45 AM org.apache.catalina.loader.WebappClassLoader checkThreadLocalMapForLeaks
SEVERE: The web application [/monkey_foxwan_web] created a ThreadLocal with key of type [java.lang.ThreadLocal] (value [java.lang.ThreadLocal@76d5989c]) and a value of type [com.ibatis.sqlmap.engine.impl.SqlMapSessionImpl] (value [com.ibatis.sqlmap.engine.impl.SqlMapSessionImpl@747fa39a]) but failed to remove it when the web application was stopped. This is very likely to create a memory leak.
Apr 29, 2014 9:01:45 AM org.apache.catalina.loader.WebappClassLoader checkThreadLocalMapForLeaks
SEVERE: The web application [/monkey_foxwan_web] created a ThreadLocal with key of type [java.lang.ThreadLocal] (value [java.lang.ThreadLocal@677d8938]) and a value of type [com.ibatis.sqlmap.engine.mapping.result.ResultObjectFactoryUtil.FactorySettings] (value [com.ibatis.sqlmap.engine.mapping.result.ResultObjectFactoryUtil$FactorySettings@67ce0f36]) but failed to remove it when the web application was stopped. This is very likely to create a memory leak.
Apr 29, 2014 9:01:45 AM org.apache.catalina.loader.WebappClassLoader checkThreadLocalMapForLeaks
SEVERE: The web application [/monkey_foxwan_web] created a ThreadLocal with key of type [net.sf.json.AbstractJSON$1] (value [net.sf.json.AbstractJSON$1@20b1c468]) and a value of type [java.util.HashSet] (value [[]]) but failed to remove it when the web application was stopped. This is very likely to create a memory leak.
Apr 29, 2014 9:01:45 AM org.apache.catalina.loader.WebappClassLoader checkThreadLocalMapForLeaks
SEVERE: The web application [/monkey_foxwan_web] created a ThreadLocal with key of type [java.lang.ThreadLocal] (value [java.lang.ThreadLocal@76d5989c]) and a value of type [com.ibatis.sqlmap.engine.impl.SqlMapSessionImpl] (value [com.ibatis.sqlmap.engine.impl.SqlMapSessionImpl@948d778]) but failed to remove it when the web application was stopped. This is very likely to create a memory leak.
Apr 29, 2014 9:01:45 AM org.apache.coyote.http11.Http11Protocol destroy
INFO: Stopping Coyote HTTP/1.1 on http-8181
Apr 29, 2014 9:02:23 AM org.apache.catalina.core.AprLifecycleListener init
INFO: The APR based Apache Tomcat Native library which allows optimal performance in production environments was not found on the java.library.path: /usr/java/jdk1.6.0_45/jre/lib/amd64/server:/usr/java/jdk1.6.0_45/jre/lib/amd64:/usr/java/jdk1.6.0_45/jre/../lib/amd64:/usr/java/packages/lib/amd64:/usr/lib64:/lib64:/lib:/usr/lib
Apr 29, 2014 9:02:23 AM org.apache.coyote.http11.Http11Protocol init
INFO: Initializing Coyote HTTP/1.1 on http-8181
Apr 29, 2014 9:02:23 AM org.apache.catalina.startup.Catalina load
INFO: Initialization processed in 565 ms
Apr 29, 2014 9:02:23 AM org.apache.catalina.core.StandardService start
INFO: Starting service Catalina
Apr 29, 2014 9:02:23 AM org.apache.catalina.core.StandardEngine start
INFO: Starting Servlet Engine: Apache Tomcat/6.0.36
Apr 29, 2014 9:02:23 AM org.apache.catalina.startup.HostConfig deployDescriptor
INFO: Deploying configuration descriptor host-manager.xml
Apr 29, 2014 9:02:23 AM org.apache.catalina.startup.HostConfig deployDescriptor
INFO: Deploying configuration descriptor manager.xml
Apr 29, 2014 9:02:23 AM org.apache.catalina.startup.HostConfig deployDirectory
INFO: Deploying web application directory ROOT
Apr 29, 2014 9:02:23 AM org.apache.catalina.startup.HostConfig deployDirectory
INFO: Deploying web application directory examples
Apr 29, 2014 9:02:24 AM org.apache.catalina.startup.HostConfig deployDirectory
INFO: Deploying web application directory docs
Apr 29, 2014 9:02:24 AM org.apache.catalina.startup.HostConfig deployDirectory
INFO: Deploying web application directory monkey_foxwan_web
Apr 29, 2014 9:02:25 AM org.apache.coyote.http11.Http11Protocol start
INFO: Starting Coyote HTTP/1.1 on http-8181
Apr 29, 2014 9:02:25 AM org.apache.jk.common.ChannelSocket init
INFO: JK: ajp13 listening on /0.0.0.0:8009
Apr 29, 2014 9:02:25 AM org.apache.jk.server.JkMain start
INFO: Jk running ID=0 time=0/16  config=null
Apr 29, 2014 9:02:25 AM org.apache.catalina.startup.Catalina start
INFO: Server startup in 2095 ms
Apr 29, 2014 9:02:42 AM org.apache.coyote.http11.Http11Protocol pause
INFO: Pausing Coyote HTTP/1.1 on http-8181
Apr 29, 2014 9:02:43 AM org.apache.catalina.core.StandardService stop
INFO: Stopping service Catalina
Apr 29, 2014 9:02:43 AM org.apache.catalina.loader.WebappClassLoader clearReferencesJdbc
SEVERE: The web application [/monkey_foxwan_web] registered the JDBC driver [com.mysql.jdbc.Driver] but failed to unregister it when the web application was stopped. To prevent a memory leak, the JDBC Driver has been forcibly unregistered.
Apr 29, 2014 9:02:43 AM org.apache.catalina.loader.WebappClassLoader clearReferencesJdbc
SEVERE: The web application [/monkey_foxwan_web] registered the JDBC driver [com.mysql.jdbc.Driver] but failed to unregister it when the web application was stopped. To prevent a memory leak, the JDBC Driver has been forcibly unregistered.
Apr 29, 2014 9:02:43 AM org.apache.catalina.loader.WebappClassLoader clearReferencesThreads
SEVERE: The web application [/monkey_foxwan_web] appears to have started a thread named [Thread-9] but has failed to stop it. This is very likely to create a memory leak.
Apr 29, 2014 9:02:43 AM org.apache.catalina.loader.WebappClassLoader clearReferencesThreads
SEVERE: The web application [/monkey_foxwan_web] appears to have started a thread named [Thread-10] but has failed to stop it. This is very likely to create a memory leak.
Apr 29, 2014 9:02:43 AM org.apache.catalina.loader.WebappClassLoader clearReferencesThreads
SEVERE: The web application [/monkey_foxwan_web] appears to have started a thread named [pool-6-thread-1] but has failed to stop it. This is very likely to create a memory leak.
Apr 29, 2014 9:02:43 AM org.apache.catalina.loader.WebappClassLoader clearReferencesThreads
SEVERE: The web application [/monkey_foxwan_web] appears to have started a thread named [pool-8-thread-1] but has failed to stop it. This is very likely to create a memory leak.
Apr 29, 2014 9:02:43 AM org.apache.catalina.loader.WebappClassLoader clearReferencesThreads
SEVERE: The web application [/monkey_foxwan_web] appears to have started a thread named [NioProcessor-9] but has failed to stop it. This is very likely to create a memory leak.
Apr 29, 2014 9:02:43 AM org.apache.catalina.loader.WebappClassLoader clearReferencesThreads
SEVERE: The web application [/monkey_foxwan_web] appears to have started a thread named [NioProcessor-18] but has failed to stop it. This is very likely to create a memory leak.
Apr 29, 2014 9:02:43 AM org.apache.catalina.loader.WebappClassLoader clearReferencesThreads
SEVERE: The web application [/monkey_foxwan_web] appears to have started a thread named [pool-9-thread-1] but has failed to stop it. This is very likely to create a memory leak.
Apr 29, 2014 9:02:43 AM org.apache.catalina.loader.WebappClassLoader clearReferencesThreads
SEVERE: The web application [/monkey_foxwan_web] appears to have started a thread named [pool-10-thread-1] but has failed to stop it. This is very likely to create a memory leak.
Apr 29, 2014 9:02:43 AM org.apache.coyote.http11.Http11Protocol destroy
INFO: Stopping Coyote HTTP/1.1 on http-8181
Apr 29, 2014 9:02:54 AM org.apache.coyote.http11.Http11Processor process
SEVERE: Error processing request
java.lang.NullPointerException
	at org.apache.catalina.connector.CoyoteAdapter.postParseRequest(CoyoteAdapter.java:507)
	at org.apache.catalina.connector.CoyoteAdapter.service(CoyoteAdapter.java:291)
	at org.apache.coyote.http11.Http11Processor.process(Http11Processor.java:861)
	at org.apache.coyote.http11.Http11Protocol$Http11ConnectionHandler.process(Http11Protocol.java:606)
	at org.apache.tomcat.util.net.JIoEndpoint$Worker.run(JIoEndpoint.java:489)
	at java.lang.Thread.run(Thread.java:662)
Apr 29, 2014 9:02:54 AM org.apache.catalina.connector.CoyoteAdapter log
WARNING: Cannot find message associated with key coyoteAdapter.accesslogFail
java.lang.NullPointerException
	at org.apache.catalina.connector.CoyoteAdapter.log(CoyoteAdapter.java:382)
	at org.apache.coyote.http11.Http11Processor.process(Http11Processor.java:878)
	at org.apache.coyote.http11.Http11Protocol$Http11ConnectionHandler.process(Http11Protocol.java:606)
	at org.apache.tomcat.util.net.JIoEndpoint$Worker.run(JIoEndpoint.java:489)
	at java.lang.Thread.run(Thread.java:662)
Apr 29, 2014 9:22:02 AM org.apache.catalina.core.AprLifecycleListener init
INFO: The APR based Apache Tomcat Native library which allows optimal performance in production environments was not found on the java.library.path: /usr/java/jdk1.6.0_45/jre/lib/amd64/server:/usr/java/jdk1.6.0_45/jre/lib/amd64:/usr/java/jdk1.6.0_45/jre/../lib/amd64:/usr/java/packages/lib/amd64:/usr/lib64:/lib64:/lib:/usr/lib
Apr 29, 2014 9:22:02 AM org.apache.coyote.http11.Http11Protocol init
INFO: Initializing Coyote HTTP/1.1 on http-8181
Apr 29, 2014 9:22:02 AM org.apache.catalina.startup.Catalina load
INFO: Initialization processed in 513 ms
Apr 29, 2014 9:22:02 AM org.apache.catalina.core.StandardService start
INFO: Starting service Catalina
Apr 29, 2014 9:22:02 AM org.apache.catalina.core.StandardEngine start
INFO: Starting Servlet Engine: Apache Tomcat/6.0.36
Apr 29, 2014 9:22:02 AM org.apache.catalina.startup.HostConfig deployDescriptor
INFO: Deploying configuration descriptor host-manager.xml
Apr 29, 2014 9:22:02 AM org.apache.catalina.startup.HostConfig deployDescriptor
INFO: Deploying configuration descriptor manager.xml
Apr 29, 2014 9:22:02 AM org.apache.catalina.startup.HostConfig deployDirectory
INFO: Deploying web application directory ROOT
Apr 29, 2014 9:22:02 AM org.apache.catalina.startup.HostConfig deployDirectory
INFO: Deploying web application directory examples
Apr 29, 2014 9:22:02 AM org.apache.catalina.startup.HostConfig deployDirectory
INFO: Deploying web application directory docs
Apr 29, 2014 9:22:02 AM org.apache.catalina.startup.HostConfig deployDirectory
INFO: Deploying web application directory monkey_foxwan_web
Apr 29, 2014 9:22:04 AM org.apache.coyote.http11.Http11Protocol start
INFO: Starting Coyote HTTP/1.1 on http-8181
Apr 29, 2014 9:22:04 AM org.apache.jk.common.ChannelSocket init
INFO: JK: ajp13 listening on /0.0.0.0:8009
Apr 29, 2014 9:22:04 AM org.apache.jk.server.JkMain start
INFO: Jk running ID=0 time=0/25  config=null
Apr 29, 2014 9:22:04 AM org.apache.catalina.startup.Catalina start
INFO: Server startup in 2061 ms
Apr 29, 2014 4:59:42 PM org.apache.jk.common.MsgAjp processHeader
SEVERE: BAD packet signature 18245
Apr 29, 2014 4:59:42 PM org.apache.jk.common.ChannelSocket processConnection
SEVERE: Error, processing connection
java.lang.IndexOutOfBoundsException
	at java.io.BufferedInputStream.read(BufferedInputStream.java:310)
	at org.apache.jk.common.ChannelSocket.read(ChannelSocket.java:628)
	at org.apache.jk.common.ChannelSocket.receive(ChannelSocket.java:585)
	at org.apache.jk.common.ChannelSocket.processConnection(ChannelSocket.java:693)
	at org.apache.jk.common.ChannelSocket$SocketConnection.runIt(ChannelSocket.java:898)
	at org.apache.tomcat.util.threads.ThreadPool$ControlRunnable.run(ThreadPool.java:690)
	at java.lang.Thread.run(Thread.java:662)
