May 23, 2014 9:49:20 AM org.apache.coyote.http11.Http11Protocol pause
INFO: Pausing Coyote HTTP/1.1 on http-8181
May 23, 2014 9:49:21 AM org.apache.catalina.core.StandardService stop
INFO: Stopping service Catalina
May 23, 2014 9:49:21 AM org.apache.catalina.loader.WebappClassLoader clearReferencesJdbc
SEVERE: The web application [/monkey_foxwan_web] registered the JDBC driver [com.mysql.jdbc.Driver] but failed to unregister it when the web application was stopped. To prevent a memory leak, the JDBC Driver has been forcibly unregistered.
May 23, 2014 9:49:21 AM org.apache.catalina.loader.WebappClassLoader clearReferencesJdbc
SEVERE: The web application [/monkey_foxwan_web] registered the JDBC driver [com.mysql.jdbc.Driver] but failed to unregister it when the web application was stopped. To prevent a memory leak, the JDBC Driver has been forcibly unregistered.
May 23, 2014 9:49:21 AM org.apache.catalina.loader.WebappClassLoader checkThreadLocalMapForLeaks
SEVERE: The web application [/monkey_foxwan_web] created a ThreadLocal with key of type [net.sf.json.AbstractJSON$1] (value [net.sf.json.AbstractJSON$1@609919c9]) and a value of type [java.util.HashSet] (value [[]]) but failed to remove it when the web application was stopped. This is very likely to create a memory leak.
May 23, 2014 9:49:21 AM org.apache.catalina.loader.WebappClassLoader checkThreadLocalMapForLeaks
SEVERE: The web application [/monkey_foxwan_web] created a ThreadLocal with key of type [java.lang.ThreadLocal] (value [java.lang.ThreadLocal@636c0caa]) and a value of type [com.ibatis.sqlmap.engine.mapping.result.ResultObjectFactoryUtil.FactorySettings] (value [com.ibatis.sqlmap.engine.mapping.result.ResultObjectFactoryUtil$FactorySettings@4ab39fe4]) but failed to remove it when the web application was stopped. This is very likely to create a memory leak.
May 23, 2014 9:49:21 AM org.apache.catalina.loader.WebappClassLoader checkThreadLocalMapForLeaks
SEVERE: The web application [/monkey_foxwan_web] created a ThreadLocal with key of type [net.sf.json.AbstractJSON$1] (value [net.sf.json.AbstractJSON$1@609919c9]) and a value of type [java.util.HashSet] (value [[]]) but failed to remove it when the web application was stopped. This is very likely to create a memory leak.
May 23, 2014 9:49:21 AM org.apache.catalina.loader.WebappClassLoader checkThreadLocalMapForLeaks
SEVERE: The web application [/monkey_foxwan_web] created a ThreadLocal with key of type [java.lang.ThreadLocal] (value [java.lang.ThreadLocal@56c6580c]) and a value of type [com.ibatis.sqlmap.engine.impl.SqlMapSessionImpl] (value [com.ibatis.sqlmap.engine.impl.SqlMapSessionImpl@77bea855]) but failed to remove it when the web application was stopped. This is very likely to create a memory leak.
May 23, 2014 9:49:21 AM org.apache.catalina.loader.WebappClassLoader checkThreadLocalMapForLeaks
SEVERE: The web application [/monkey_foxwan_web] created a ThreadLocal with key of type [java.lang.ThreadLocal] (value [java.lang.ThreadLocal@636c0caa]) and a value of type [com.ibatis.sqlmap.engine.mapping.result.ResultObjectFactoryUtil.FactorySettings] (value [com.ibatis.sqlmap.engine.mapping.result.ResultObjectFactoryUtil$FactorySettings@61da1de]) but failed to remove it when the web application was stopped. This is very likely to create a memory leak.
May 23, 2014 9:49:21 AM org.apache.catalina.loader.WebappClassLoader checkThreadLocalMapForLeaks
SEVERE: The web application [/monkey_foxwan_web] created a ThreadLocal with key of type [net.sf.json.AbstractJSON$1] (value [net.sf.json.AbstractJSON$1@609919c9]) and a value of type [java.util.HashSet] (value [[]]) but failed to remove it when the web application was stopped. This is very likely to create a memory leak.
May 23, 2014 9:49:21 AM org.apache.catalina.loader.WebappClassLoader checkThreadLocalMapForLeaks
SEVERE: The web application [/monkey_foxwan_web] created a ThreadLocal with key of type [java.lang.ThreadLocal] (value [java.lang.ThreadLocal@56c6580c]) and a value of type [com.ibatis.sqlmap.engine.impl.SqlMapSessionImpl] (value [com.ibatis.sqlmap.engine.impl.SqlMapSessionImpl@36df8f5]) but failed to remove it when the web application was stopped. This is very likely to create a memory leak.
May 23, 2014 9:49:21 AM org.apache.catalina.loader.WebappClassLoader checkThreadLocalMapForLeaks
SEVERE: The web application [/monkey_foxwan_web] created a ThreadLocal with key of type [net.sf.json.AbstractJSON$1] (value [net.sf.json.AbstractJSON$1@609919c9]) and a value of type [java.util.HashSet] (value [[]]) but failed to remove it when the web application was stopped. This is very likely to create a memory leak.
May 23, 2014 9:49:21 AM org.apache.catalina.loader.WebappClassLoader checkThreadLocalMapForLeaks
SEVERE: The web application [/monkey_foxwan_web] created a ThreadLocal with key of type [java.lang.ThreadLocal] (value [java.lang.ThreadLocal@636c0caa]) and a value of type [com.ibatis.sqlmap.engine.mapping.result.ResultObjectFactoryUtil.FactorySettings] (value [com.ibatis.sqlmap.engine.mapping.result.ResultObjectFactoryUtil$FactorySettings@28f39e95]) but failed to remove it when the web application was stopped. This is very likely to create a memory leak.
May 23, 2014 9:49:21 AM org.apache.catalina.loader.WebappClassLoader checkThreadLocalMapForLeaks
SEVERE: The web application [/monkey_foxwan_web] created a ThreadLocal with key of type [net.sf.json.AbstractJSON$1] (value [net.sf.json.AbstractJSON$1@609919c9]) and a value of type [java.util.HashSet] (value [[]]) but failed to remove it when the web application was stopped. This is very likely to create a memory leak.
May 23, 2014 9:49:21 AM org.apache.catalina.loader.WebappClassLoader checkThreadLocalMapForLeaks
SEVERE: The web application [/monkey_foxwan_web] created a ThreadLocal with key of type [java.lang.ThreadLocal] (value [java.lang.ThreadLocal@56c6580c]) and a value of type [com.ibatis.sqlmap.engine.impl.SqlMapSessionImpl] (value [com.ibatis.sqlmap.engine.impl.SqlMapSessionImpl@12305d34]) but failed to remove it when the web application was stopped. This is very likely to create a memory leak.
May 23, 2014 9:49:21 AM org.apache.catalina.loader.WebappClassLoader checkThreadLocalMapForLeaks
SEVERE: The web application [/monkey_foxwan_web] created a ThreadLocal with key of type [java.lang.ThreadLocal] (value [java.lang.ThreadLocal@636c0caa]) and a value of type [com.ibatis.sqlmap.engine.mapping.result.ResultObjectFactoryUtil.FactorySettings] (value [com.ibatis.sqlmap.engine.mapping.result.ResultObjectFactoryUtil$FactorySettings@25370a40]) but failed to remove it when the web application was stopped. This is very likely to create a memory leak.
May 23, 2014 9:49:21 AM org.apache.catalina.loader.WebappClassLoader checkThreadLocalMapForLeaks
SEVERE: The web application [/monkey_foxwan_web] created a ThreadLocal with key of type [net.sf.json.AbstractJSON$1] (value [net.sf.json.AbstractJSON$1@609919c9]) and a value of type [java.util.HashSet] (value [[]]) but failed to remove it when the web application was stopped. This is very likely to create a memory leak.
May 23, 2014 9:49:21 AM org.apache.catalina.loader.WebappClassLoader checkThreadLocalMapForLeaks
SEVERE: The web application [/monkey_foxwan_web] created a ThreadLocal with key of type [java.lang.ThreadLocal] (value [java.lang.ThreadLocal@56c6580c]) and a value of type [com.ibatis.sqlmap.engine.impl.SqlMapSessionImpl] (value [com.ibatis.sqlmap.engine.impl.SqlMapSessionImpl@408202d6]) but failed to remove it when the web application was stopped. This is very likely to create a memory leak.
May 23, 2014 9:49:21 AM org.apache.catalina.loader.WebappClassLoader checkThreadLocalMapForLeaks
SEVERE: The web application [/monkey_foxwan_web] created a ThreadLocal with key of type [java.lang.ThreadLocal] (value [java.lang.ThreadLocal@636c0caa]) and a value of type [com.ibatis.sqlmap.engine.mapping.result.ResultObjectFactoryUtil.FactorySettings] (value [com.ibatis.sqlmap.engine.mapping.result.ResultObjectFactoryUtil$FactorySettings@178850b0]) but failed to remove it when the web application was stopped. This is very likely to create a memory leak.
May 23, 2014 9:49:21 AM org.apache.catalina.loader.WebappClassLoader checkThreadLocalMapForLeaks
SEVERE: The web application [/monkey_foxwan_web] created a ThreadLocal with key of type [net.sf.json.AbstractJSON$1] (value [net.sf.json.AbstractJSON$1@609919c9]) and a value of type [java.util.HashSet] (value [[]]) but failed to remove it when the web application was stopped. This is very likely to create a memory leak.
May 23, 2014 9:49:21 AM org.apache.catalina.loader.WebappClassLoader checkThreadLocalMapForLeaks
SEVERE: The web application [/monkey_foxwan_web] created a ThreadLocal with key of type [java.lang.ThreadLocal] (value [java.lang.ThreadLocal@56c6580c]) and a value of type [com.ibatis.sqlmap.engine.impl.SqlMapSessionImpl] (value [com.ibatis.sqlmap.engine.impl.SqlMapSessionImpl@76695ee1]) but failed to remove it when the web application was stopped. This is very likely to create a memory leak.
May 23, 2014 9:49:21 AM org.apache.catalina.loader.WebappClassLoader checkThreadLocalMapForLeaks
SEVERE: The web application [/monkey_foxwan_web] created a ThreadLocal with key of type [net.sf.json.AbstractJSON$1] (value [net.sf.json.AbstractJSON$1@609919c9]) and a value of type [java.util.HashSet] (value [[]]) but failed to remove it when the web application was stopped. This is very likely to create a memory leak.
May 23, 2014 9:49:21 AM org.apache.catalina.loader.WebappClassLoader checkThreadLocalMapForLeaks
SEVERE: The web application [/monkey_foxwan_web] created a ThreadLocal with key of type [java.lang.ThreadLocal] (value [java.lang.ThreadLocal@636c0caa]) and a value of type [com.ibatis.sqlmap.engine.mapping.result.ResultObjectFactoryUtil.FactorySettings] (value [com.ibatis.sqlmap.engine.mapping.result.ResultObjectFactoryUtil$FactorySettings@7fd44282]) but failed to remove it when the web application was stopped. This is very likely to create a memory leak.
May 23, 2014 9:49:21 AM org.apache.catalina.loader.WebappClassLoader checkThreadLocalMapForLeaks
SEVERE: The web application [/monkey_foxwan_web] created a ThreadLocal with key of type [net.sf.json.AbstractJSON$1] (value [net.sf.json.AbstractJSON$1@609919c9]) and a value of type [java.util.HashSet] (value [[]]) but failed to remove it when the web application was stopped. This is very likely to create a memory leak.
May 23, 2014 9:49:21 AM org.apache.catalina.loader.WebappClassLoader checkThreadLocalMapForLeaks
SEVERE: The web application [/monkey_foxwan_web] created a ThreadLocal with key of type [java.lang.ThreadLocal] (value [java.lang.ThreadLocal@56c6580c]) and a value of type [com.ibatis.sqlmap.engine.impl.SqlMapSessionImpl] (value [com.ibatis.sqlmap.engine.impl.SqlMapSessionImpl@485aa65e]) but failed to remove it when the web application was stopped. This is very likely to create a memory leak.
May 23, 2014 9:49:21 AM org.apache.catalina.loader.WebappClassLoader checkThreadLocalMapForLeaks
SEVERE: The web application [/monkey_foxwan_web] created a ThreadLocal with key of type [java.lang.ThreadLocal] (value [java.lang.ThreadLocal@636c0caa]) and a value of type [com.ibatis.sqlmap.engine.mapping.result.ResultObjectFactoryUtil.FactorySettings] (value [com.ibatis.sqlmap.engine.mapping.result.ResultObjectFactoryUtil$FactorySettings@37608a6e]) but failed to remove it when the web application was stopped. This is very likely to create a memory leak.
May 23, 2014 9:49:21 AM org.apache.catalina.loader.WebappClassLoader checkThreadLocalMapForLeaks
SEVERE: The web application [/monkey_foxwan_web] created a ThreadLocal with key of type [net.sf.json.AbstractJSON$1] (value [net.sf.json.AbstractJSON$1@609919c9]) and a value of type [java.util.HashSet] (value [[]]) but failed to remove it when the web application was stopped. This is very likely to create a memory leak.
May 23, 2014 9:49:21 AM org.apache.catalina.loader.WebappClassLoader checkThreadLocalMapForLeaks
SEVERE: The web application [/monkey_foxwan_web] created a ThreadLocal with key of type [java.lang.ThreadLocal] (value [java.lang.ThreadLocal@56c6580c]) and a value of type [com.ibatis.sqlmap.engine.impl.SqlMapSessionImpl] (value [com.ibatis.sqlmap.engine.impl.SqlMapSessionImpl@23205829]) but failed to remove it when the web application was stopped. This is very likely to create a memory leak.
May 23, 2014 9:49:21 AM org.apache.catalina.loader.WebappClassLoader checkThreadLocalMapForLeaks
SEVERE: The web application [/monkey_foxwan_web] created a ThreadLocal with key of type [java.lang.ThreadLocal] (value [java.lang.ThreadLocal@636c0caa]) and a value of type [com.ibatis.sqlmap.engine.mapping.result.ResultObjectFactoryUtil.FactorySettings] (value [com.ibatis.sqlmap.engine.mapping.result.ResultObjectFactoryUtil$FactorySettings@207bfdc3]) but failed to remove it when the web application was stopped. This is very likely to create a memory leak.
May 23, 2014 9:49:21 AM org.apache.catalina.loader.WebappClassLoader checkThreadLocalMapForLeaks
SEVERE: The web application [/monkey_foxwan_web] created a ThreadLocal with key of type [net.sf.json.AbstractJSON$1] (value [net.sf.json.AbstractJSON$1@609919c9]) and a value of type [java.util.HashSet] (value [[]]) but failed to remove it when the web application was stopped. This is very likely to create a memory leak.
May 23, 2014 9:49:21 AM org.apache.catalina.loader.WebappClassLoader checkThreadLocalMapForLeaks
SEVERE: The web application [/monkey_foxwan_web] created a ThreadLocal with key of type [java.lang.ThreadLocal] (value [java.lang.ThreadLocal@56c6580c]) and a value of type [com.ibatis.sqlmap.engine.impl.SqlMapSessionImpl] (value [com.ibatis.sqlmap.engine.impl.SqlMapSessionImpl@2c511dde]) but failed to remove it when the web application was stopped. This is very likely to create a memory leak.
May 23, 2014 9:49:21 AM org.apache.catalina.loader.WebappClassLoader checkThreadLocalMapForLeaks
SEVERE: The web application [/monkey_foxwan_web] created a ThreadLocal with key of type [java.lang.ThreadLocal] (value [java.lang.ThreadLocal@636c0caa]) and a value of type [com.ibatis.sqlmap.engine.mapping.result.ResultObjectFactoryUtil.FactorySettings] (value [com.ibatis.sqlmap.engine.mapping.result.ResultObjectFactoryUtil$FactorySettings@17ff08d]) but failed to remove it when the web application was stopped. This is very likely to create a memory leak.
May 23, 2014 9:49:21 AM org.apache.catalina.loader.WebappClassLoader checkThreadLocalMapForLeaks
SEVERE: The web application [/monkey_foxwan_web] created a ThreadLocal with key of type [net.sf.json.AbstractJSON$1] (value [net.sf.json.AbstractJSON$1@609919c9]) and a value of type [java.util.HashSet] (value [[]]) but failed to remove it when the web application was stopped. This is very likely to create a memory leak.
May 23, 2014 9:49:21 AM org.apache.catalina.loader.WebappClassLoader checkThreadLocalMapForLeaks
SEVERE: The web application [/monkey_foxwan_web] created a ThreadLocal with key of type [java.lang.ThreadLocal] (value [java.lang.ThreadLocal@56c6580c]) and a value of type [com.ibatis.sqlmap.engine.impl.SqlMapSessionImpl] (value [com.ibatis.sqlmap.engine.impl.SqlMapSessionImpl@7689b9bf]) but failed to remove it when the web application was stopped. This is very likely to create a memory leak.
May 23, 2014 9:49:21 AM org.apache.catalina.loader.WebappClassLoader checkThreadLocalMapForLeaks
SEVERE: The web application [/monkey_foxwan_web] created a ThreadLocal with key of type [net.sf.json.AbstractJSON$1] (value [net.sf.json.AbstractJSON$1@609919c9]) and a value of type [java.util.HashSet] (value [[]]) but failed to remove it when the web application was stopped. This is very likely to create a memory leak.
May 23, 2014 9:49:21 AM org.apache.catalina.loader.WebappClassLoader checkThreadLocalMapForLeaks
SEVERE: The web application [/monkey_foxwan_web] created a ThreadLocal with key of type [java.lang.ThreadLocal] (value [java.lang.ThreadLocal@636c0caa]) and a value of type [com.ibatis.sqlmap.engine.mapping.result.ResultObjectFactoryUtil.FactorySettings] (value [com.ibatis.sqlmap.engine.mapping.result.ResultObjectFactoryUtil$FactorySettings@4c01e765]) but failed to remove it when the web application was stopped. This is very likely to create a memory leak.
May 23, 2014 9:49:21 AM org.apache.catalina.loader.WebappClassLoader checkThreadLocalMapForLeaks
SEVERE: The web application [/monkey_foxwan_web] created a ThreadLocal with key of type [net.sf.json.AbstractJSON$1] (value [net.sf.json.AbstractJSON$1@609919c9]) and a value of type [java.util.HashSet] (value [[]]) but failed to remove it when the web application was stopped. This is very likely to create a memory leak.
May 23, 2014 9:49:21 AM org.apache.catalina.loader.WebappClassLoader checkThreadLocalMapForLeaks
SEVERE: The web application [/monkey_foxwan_web] created a ThreadLocal with key of type [java.lang.ThreadLocal] (value [java.lang.ThreadLocal@56c6580c]) and a value of type [com.ibatis.sqlmap.engine.impl.SqlMapSessionImpl] (value [com.ibatis.sqlmap.engine.impl.SqlMapSessionImpl@10febedf]) but failed to remove it when the web application was stopped. This is very likely to create a memory leak.
May 23, 2014 9:49:21 AM org.apache.catalina.loader.WebappClassLoader checkThreadLocalMapForLeaks
SEVERE: The web application [/monkey_foxwan_web] created a ThreadLocal with key of type [java.lang.ThreadLocal] (value [java.lang.ThreadLocal@636c0caa]) and a value of type [com.ibatis.sqlmap.engine.mapping.result.ResultObjectFactoryUtil.FactorySettings] (value [com.ibatis.sqlmap.engine.mapping.result.ResultObjectFactoryUtil$FactorySettings@44a52b30]) but failed to remove it when the web application was stopped. This is very likely to create a memory leak.
May 23, 2014 9:49:21 AM org.apache.catalina.loader.WebappClassLoader checkThreadLocalMapForLeaks
SEVERE: The web application [/monkey_foxwan_web] created a ThreadLocal with key of type [net.sf.json.AbstractJSON$1] (value [net.sf.json.AbstractJSON$1@609919c9]) and a value of type [java.util.HashSet] (value [[]]) but failed to remove it when the web application was stopped. This is very likely to create a memory leak.
May 23, 2014 9:49:21 AM org.apache.catalina.loader.WebappClassLoader checkThreadLocalMapForLeaks
SEVERE: The web application [/monkey_foxwan_web] created a ThreadLocal with key of type [java.lang.ThreadLocal] (value [java.lang.ThreadLocal@56c6580c]) and a value of type [com.ibatis.sqlmap.engine.impl.SqlMapSessionImpl] (value [com.ibatis.sqlmap.engine.impl.SqlMapSessionImpl@37b67f85]) but failed to remove it when the web application was stopped. This is very likely to create a memory leak.
May 23, 2014 9:49:21 AM org.apache.catalina.loader.WebappClassLoader checkThreadLocalMapForLeaks
SEVERE: The web application [/monkey_foxwan_web] created a ThreadLocal with key of type [java.lang.ThreadLocal] (value [java.lang.ThreadLocal@636c0caa]) and a value of type [com.ibatis.sqlmap.engine.mapping.result.ResultObjectFactoryUtil.FactorySettings] (value [com.ibatis.sqlmap.engine.mapping.result.ResultObjectFactoryUtil$FactorySettings@2e6e1156]) but failed to remove it when the web application was stopped. This is very likely to create a memory leak.
May 23, 2014 9:49:21 AM org.apache.catalina.loader.WebappClassLoader checkThreadLocalMapForLeaks
SEVERE: The web application [/monkey_foxwan_web] created a ThreadLocal with key of type [net.sf.json.AbstractJSON$1] (value [net.sf.json.AbstractJSON$1@609919c9]) and a value of type [java.util.HashSet] (value [[]]) but failed to remove it when the web application was stopped. This is very likely to create a memory leak.
May 23, 2014 9:49:21 AM org.apache.catalina.loader.WebappClassLoader checkThreadLocalMapForLeaks
SEVERE: The web application [/monkey_foxwan_web] created a ThreadLocal with key of type [java.lang.ThreadLocal] (value [java.lang.ThreadLocal@56c6580c]) and a value of type [com.ibatis.sqlmap.engine.impl.SqlMapSessionImpl] (value [com.ibatis.sqlmap.engine.impl.SqlMapSessionImpl@3c343cea]) but failed to remove it when the web application was stopped. This is very likely to create a memory leak.
May 23, 2014 9:49:21 AM org.apache.catalina.loader.WebappClassLoader checkThreadLocalMapForLeaks
SEVERE: The web application [/monkey_foxwan_web] created a ThreadLocal with key of type [net.sf.json.AbstractJSON$1] (value [net.sf.json.AbstractJSON$1@609919c9]) and a value of type [java.util.HashSet] (value [[]]) but failed to remove it when the web application was stopped. This is very likely to create a memory leak.
May 23, 2014 9:49:21 AM org.apache.catalina.loader.WebappClassLoader checkThreadLocalMapForLeaks
SEVERE: The web application [/monkey_foxwan_web] created a ThreadLocal with key of type [java.lang.ThreadLocal] (value [java.lang.ThreadLocal@636c0caa]) and a value of type [com.ibatis.sqlmap.engine.mapping.result.ResultObjectFactoryUtil.FactorySettings] (value [com.ibatis.sqlmap.engine.mapping.result.ResultObjectFactoryUtil$FactorySettings@98b4587]) but failed to remove it when the web application was stopped. This is very likely to create a memory leak.
May 23, 2014 9:49:21 AM org.apache.catalina.loader.WebappClassLoader checkThreadLocalMapForLeaks
SEVERE: The web application [/monkey_foxwan_web] created a ThreadLocal with key of type [net.sf.json.AbstractJSON$1] (value [net.sf.json.AbstractJSON$1@609919c9]) and a value of type [java.util.HashSet] (value [[]]) but failed to remove it when the web application was stopped. This is very likely to create a memory leak.
May 23, 2014 9:49:21 AM org.apache.catalina.loader.WebappClassLoader checkThreadLocalMapForLeaks
SEVERE: The web application [/monkey_foxwan_web] created a ThreadLocal with key of type [java.lang.ThreadLocal] (value [java.lang.ThreadLocal@56c6580c]) and a value of type [com.ibatis.sqlmap.engine.impl.SqlMapSessionImpl] (value [com.ibatis.sqlmap.engine.impl.SqlMapSessionImpl@1681a6f6]) but failed to remove it when the web application was stopped. This is very likely to create a memory leak.
May 23, 2014 9:49:21 AM org.apache.catalina.loader.WebappClassLoader checkThreadLocalMapForLeaks
SEVERE: The web application [/monkey_foxwan_web] created a ThreadLocal with key of type [net.sf.json.AbstractJSON$1] (value [net.sf.json.AbstractJSON$1@609919c9]) and a value of type [java.util.HashSet] (value [[]]) but failed to remove it when the web application was stopped. This is very likely to create a memory leak.
May 23, 2014 9:49:21 AM org.apache.catalina.loader.WebappClassLoader checkThreadLocalMapForLeaks
SEVERE: The web application [/monkey_foxwan_web] created a ThreadLocal with key of type [java.lang.ThreadLocal] (value [java.lang.ThreadLocal@636c0caa]) and a value of type [com.ibatis.sqlmap.engine.mapping.result.ResultObjectFactoryUtil.FactorySettings] (value [com.ibatis.sqlmap.engine.mapping.result.ResultObjectFactoryUtil$FactorySettings@19f86c05]) but failed to remove it when the web application was stopped. This is very likely to create a memory leak.
May 23, 2014 9:49:21 AM org.apache.catalina.loader.WebappClassLoader checkThreadLocalMapForLeaks
SEVERE: The web application [/monkey_foxwan_web] created a ThreadLocal with key of type [net.sf.json.AbstractJSON$1] (value [net.sf.json.AbstractJSON$1@609919c9]) and a value of type [java.util.HashSet] (value [[]]) but failed to remove it when the web application was stopped. This is very likely to create a memory leak.
May 23, 2014 9:49:21 AM org.apache.catalina.loader.WebappClassLoader checkThreadLocalMapForLeaks
SEVERE: The web application [/monkey_foxwan_web] created a ThreadLocal with key of type [java.lang.ThreadLocal] (value [java.lang.ThreadLocal@56c6580c]) and a value of type [com.ibatis.sqlmap.engine.impl.SqlMapSessionImpl] (value [com.ibatis.sqlmap.engine.impl.SqlMapSessionImpl@47bc995]) but failed to remove it when the web application was stopped. This is very likely to create a memory leak.
May 23, 2014 9:49:21 AM org.apache.catalina.loader.WebappClassLoader checkThreadLocalMapForLeaks
SEVERE: The web application [/monkey_foxwan_web] created a ThreadLocal with key of type [java.lang.ThreadLocal] (value [java.lang.ThreadLocal@636c0caa]) and a value of type [com.ibatis.sqlmap.engine.mapping.result.ResultObjectFactoryUtil.FactorySettings] (value [com.ibatis.sqlmap.engine.mapping.result.ResultObjectFactoryUtil$FactorySettings@5aef577f]) but failed to remove it when the web application was stopped. This is very likely to create a memory leak.
May 23, 2014 9:49:21 AM org.apache.catalina.loader.WebappClassLoader checkThreadLocalMapForLeaks
SEVERE: The web application [/monkey_foxwan_web] created a ThreadLocal with key of type [net.sf.json.AbstractJSON$1] (value [net.sf.json.AbstractJSON$1@609919c9]) and a value of type [java.util.HashSet] (value [[]]) but failed to remove it when the web application was stopped. This is very likely to create a memory leak.
May 23, 2014 9:49:21 AM org.apache.catalina.loader.WebappClassLoader checkThreadLocalMapForLeaks
SEVERE: The web application [/monkey_foxwan_web] created a ThreadLocal with key of type [java.lang.ThreadLocal] (value [java.lang.ThreadLocal@56c6580c]) and a value of type [com.ibatis.sqlmap.engine.impl.SqlMapSessionImpl] (value [com.ibatis.sqlmap.engine.impl.SqlMapSessionImpl@1759817d]) but failed to remove it when the web application was stopped. This is very likely to create a memory leak.
May 23, 2014 9:49:21 AM org.apache.catalina.loader.WebappClassLoader checkThreadLocalMapForLeaks
SEVERE: The web application [/monkey_foxwan_web] created a ThreadLocal with key of type [java.lang.ThreadLocal] (value [java.lang.ThreadLocal@636c0caa]) and a value of type [com.ibatis.sqlmap.engine.mapping.result.ResultObjectFactoryUtil.FactorySettings] (value [com.ibatis.sqlmap.engine.mapping.result.ResultObjectFactoryUtil$FactorySettings@75444184]) but failed to remove it when the web application was stopped. This is very likely to create a memory leak.
May 23, 2014 9:49:21 AM org.apache.catalina.loader.WebappClassLoader checkThreadLocalMapForLeaks
SEVERE: The web application [/monkey_foxwan_web] created a ThreadLocal with key of type [net.sf.json.AbstractJSON$1] (value [net.sf.json.AbstractJSON$1@609919c9]) and a value of type [java.util.HashSet] (value [[]]) but failed to remove it when the web application was stopped. This is very likely to create a memory leak.
May 23, 2014 9:49:21 AM org.apache.catalina.loader.WebappClassLoader checkThreadLocalMapForLeaks
SEVERE: The web application [/monkey_foxwan_web] created a ThreadLocal with key of type [java.lang.ThreadLocal] (value [java.lang.ThreadLocal@56c6580c]) and a value of type [com.ibatis.sqlmap.engine.impl.SqlMapSessionImpl] (value [com.ibatis.sqlmap.engine.impl.SqlMapSessionImpl@54297d41]) but failed to remove it when the web application was stopped. This is very likely to create a memory leak.
May 23, 2014 9:49:21 AM org.apache.catalina.loader.WebappClassLoader checkThreadLocalMapForLeaks
SEVERE: The web application [/monkey_foxwan_web] created a ThreadLocal with key of type [net.sf.json.AbstractJSON$1] (value [net.sf.json.AbstractJSON$1@609919c9]) and a value of type [java.util.HashSet] (value [[]]) but failed to remove it when the web application was stopped. This is very likely to create a memory leak.
May 23, 2014 9:49:21 AM org.apache.catalina.loader.WebappClassLoader checkThreadLocalMapForLeaks
SEVERE: The web application [/monkey_foxwan_web] created a ThreadLocal with key of type [net.sf.json.AbstractJSON$1] (value [net.sf.json.AbstractJSON$1@609919c9]) and a value of type [java.util.HashSet] (value [[]]) but failed to remove it when the web application was stopped. This is very likely to create a memory leak.
May 23, 2014 9:49:21 AM org.apache.catalina.loader.WebappClassLoader checkThreadLocalMapForLeaks
SEVERE: The web application [/monkey_foxwan_web] created a ThreadLocal with key of type [net.sf.json.AbstractJSON$1] (value [net.sf.json.AbstractJSON$1@609919c9]) and a value of type [java.util.HashSet] (value [[]]) but failed to remove it when the web application was stopped. This is very likely to create a memory leak.
May 23, 2014 9:49:21 AM org.apache.catalina.loader.WebappClassLoader checkThreadLocalMapForLeaks
SEVERE: The web application [/monkey_foxwan_web] created a ThreadLocal with key of type [java.lang.ThreadLocal] (value [java.lang.ThreadLocal@636c0caa]) and a value of type [com.ibatis.sqlmap.engine.mapping.result.ResultObjectFactoryUtil.FactorySettings] (value [com.ibatis.sqlmap.engine.mapping.result.ResultObjectFactoryUtil$FactorySettings@6fde6191]) but failed to remove it when the web application was stopped. This is very likely to create a memory leak.
May 23, 2014 9:49:21 AM org.apache.catalina.loader.WebappClassLoader checkThreadLocalMapForLeaks
SEVERE: The web application [/monkey_foxwan_web] created a ThreadLocal with key of type [net.sf.json.AbstractJSON$1] (value [net.sf.json.AbstractJSON$1@609919c9]) and a value of type [java.util.HashSet] (value [[]]) but failed to remove it when the web application was stopped. This is very likely to create a memory leak.
May 23, 2014 9:49:21 AM org.apache.catalina.loader.WebappClassLoader checkThreadLocalMapForLeaks
SEVERE: The web application [/monkey_foxwan_web] created a ThreadLocal with key of type [java.lang.ThreadLocal] (value [java.lang.ThreadLocal@56c6580c]) and a value of type [com.ibatis.sqlmap.engine.impl.SqlMapSessionImpl] (value [com.ibatis.sqlmap.engine.impl.SqlMapSessionImpl@70d7aff7]) but failed to remove it when the web application was stopped. This is very likely to create a memory leak.
May 23, 2014 9:49:21 AM org.apache.catalina.loader.WebappClassLoader checkThreadLocalMapForLeaks
SEVERE: The web application [/monkey_foxwan_web] created a ThreadLocal with key of type [net.sf.json.AbstractJSON$1] (value [net.sf.json.AbstractJSON$1@609919c9]) and a value of type [java.util.HashSet] (value [[]]) but failed to remove it when the web application was stopped. This is very likely to create a memory leak.
May 23, 2014 9:49:21 AM org.apache.catalina.loader.WebappClassLoader checkThreadLocalMapForLeaks
SEVERE: The web application [/monkey_foxwan_web] created a ThreadLocal with key of type [java.lang.ThreadLocal] (value [java.lang.ThreadLocal@636c0caa]) and a value of type [com.ibatis.sqlmap.engine.mapping.result.ResultObjectFactoryUtil.FactorySettings] (value [com.ibatis.sqlmap.engine.mapping.result.ResultObjectFactoryUtil$FactorySettings@6061bb01]) but failed to remove it when the web application was stopped. This is very likely to create a memory leak.
May 23, 2014 9:49:21 AM org.apache.catalina.loader.WebappClassLoader checkThreadLocalMapForLeaks
SEVERE: The web application [/monkey_foxwan_web] created a ThreadLocal with key of type [net.sf.json.AbstractJSON$1] (value [net.sf.json.AbstractJSON$1@609919c9]) and a value of type [java.util.HashSet] (value [[]]) but failed to remove it when the web application was stopped. This is very likely to create a memory leak.
May 23, 2014 9:49:21 AM org.apache.catalina.loader.WebappClassLoader checkThreadLocalMapForLeaks
SEVERE: The web application [/monkey_foxwan_web] created a ThreadLocal with key of type [java.lang.ThreadLocal] (value [java.lang.ThreadLocal@56c6580c]) and a value of type [com.ibatis.sqlmap.engine.impl.SqlMapSessionImpl] (value [com.ibatis.sqlmap.engine.impl.SqlMapSessionImpl@303c7016]) but failed to remove it when the web application was stopped. This is very likely to create a memory leak.
May 23, 2014 9:49:21 AM org.apache.catalina.loader.WebappClassLoader checkThreadLocalMapForLeaks
SEVERE: The web application [/monkey_foxwan_web] created a ThreadLocal with key of type [net.sf.json.AbstractJSON$1] (value [net.sf.json.AbstractJSON$1@609919c9]) and a value of type [java.util.HashSet] (value [[]]) but failed to remove it when the web application was stopped. This is very likely to create a memory leak.
May 23, 2014 9:49:21 AM org.apache.catalina.loader.WebappClassLoader checkThreadLocalMapForLeaks
SEVERE: The web application [/monkey_foxwan_web] created a ThreadLocal with key of type [net.sf.json.AbstractJSON$1] (value [net.sf.json.AbstractJSON$1@609919c9]) and a value of type [java.util.HashSet] (value [[]]) but failed to remove it when the web application was stopped. This is very likely to create a memory leak.
May 23, 2014 9:49:21 AM org.apache.catalina.loader.WebappClassLoader checkThreadLocalMapForLeaks
SEVERE: The web application [/monkey_foxwan_web] created a ThreadLocal with key of type [java.lang.ThreadLocal] (value [java.lang.ThreadLocal@636c0caa]) and a value of type [com.ibatis.sqlmap.engine.mapping.result.ResultObjectFactoryUtil.FactorySettings] (value [com.ibatis.sqlmap.engine.mapping.result.ResultObjectFactoryUtil$FactorySettings@4fe2cd17]) but failed to remove it when the web application was stopped. This is very likely to create a memory leak.
May 23, 2014 9:49:21 AM org.apache.catalina.loader.WebappClassLoader checkThreadLocalMapForLeaks
SEVERE: The web application [/monkey_foxwan_web] created a ThreadLocal with key of type [net.sf.json.AbstractJSON$1] (value [net.sf.json.AbstractJSON$1@609919c9]) and a value of type [java.util.HashSet] (value [[]]) but failed to remove it when the web application was stopped. This is very likely to create a memory leak.
May 23, 2014 9:49:21 AM org.apache.catalina.loader.WebappClassLoader checkThreadLocalMapForLeaks
SEVERE: The web application [/monkey_foxwan_web] created a ThreadLocal with key of type [java.lang.ThreadLocal] (value [java.lang.ThreadLocal@56c6580c]) and a value of type [com.ibatis.sqlmap.engine.impl.SqlMapSessionImpl] (value [com.ibatis.sqlmap.engine.impl.SqlMapSessionImpl@3306c9fa]) but failed to remove it when the web application was stopped. This is very likely to create a memory leak.
May 23, 2014 9:49:21 AM org.apache.catalina.loader.WebappClassLoader checkThreadLocalMapForLeaks
SEVERE: The web application [/monkey_foxwan_web] created a ThreadLocal with key of type [net.sf.json.AbstractJSON$1] (value [net.sf.json.AbstractJSON$1@609919c9]) and a value of type [java.util.HashSet] (value [[]]) but failed to remove it when the web application was stopped. This is very likely to create a memory leak.
May 23, 2014 9:49:21 AM org.apache.catalina.loader.WebappClassLoader checkThreadLocalMapForLeaks
SEVERE: The web application [/monkey_foxwan_web] created a ThreadLocal with key of type [net.sf.json.AbstractJSON$1] (value [net.sf.json.AbstractJSON$1@609919c9]) and a value of type [java.util.HashSet] (value [[]]) but failed to remove it when the web application was stopped. This is very likely to create a memory leak.
May 23, 2014 9:49:21 AM org.apache.catalina.loader.WebappClassLoader checkThreadLocalMapForLeaks
SEVERE: The web application [/monkey_foxwan_web] created a ThreadLocal with key of type [net.sf.json.AbstractJSON$1] (value [net.sf.json.AbstractJSON$1@609919c9]) and a value of type [java.util.HashSet] (value [[]]) but failed to remove it when the web application was stopped. This is very likely to create a memory leak.
May 23, 2014 9:49:21 AM org.apache.catalina.loader.WebappClassLoader checkThreadLocalMapForLeaks
SEVERE: The web application [/monkey_foxwan_web] created a ThreadLocal with key of type [java.lang.ThreadLocal] (value [java.lang.ThreadLocal@636c0caa]) and a value of type [com.ibatis.sqlmap.engine.mapping.result.ResultObjectFactoryUtil.FactorySettings] (value [com.ibatis.sqlmap.engine.mapping.result.ResultObjectFactoryUtil$FactorySettings@2b65642]) but failed to remove it when the web application was stopped. This is very likely to create a memory leak.
May 23, 2014 9:49:21 AM org.apache.catalina.loader.WebappClassLoader checkThreadLocalMapForLeaks
SEVERE: The web application [/monkey_foxwan_web] created a ThreadLocal with key of type [net.sf.json.AbstractJSON$1] (value [net.sf.json.AbstractJSON$1@609919c9]) and a value of type [java.util.HashSet] (value [[]]) but failed to remove it when the web application was stopped. This is very likely to create a memory leak.
May 23, 2014 9:49:21 AM org.apache.catalina.loader.WebappClassLoader checkThreadLocalMapForLeaks
SEVERE: The web application [/monkey_foxwan_web] created a ThreadLocal with key of type [java.lang.ThreadLocal] (value [java.lang.ThreadLocal@56c6580c]) and a value of type [com.ibatis.sqlmap.engine.impl.SqlMapSessionImpl] (value [com.ibatis.sqlmap.engine.impl.SqlMapSessionImpl@10d90872]) but failed to remove it when the web application was stopped. This is very likely to create a memory leak.
May 23, 2014 9:49:21 AM org.apache.catalina.loader.WebappClassLoader checkThreadLocalMapForLeaks
SEVERE: The web application [/monkey_foxwan_web] created a ThreadLocal with key of type [net.sf.json.AbstractJSON$1] (value [net.sf.json.AbstractJSON$1@609919c9]) and a value of type [java.util.HashSet] (value [[]]) but failed to remove it when the web application was stopped. This is very likely to create a memory leak.
May 23, 2014 9:49:21 AM org.apache.catalina.loader.WebappClassLoader checkThreadLocalMapForLeaks
SEVERE: The web application [/monkey_foxwan_web] created a ThreadLocal with key of type [java.lang.ThreadLocal] (value [java.lang.ThreadLocal@636c0caa]) and a value of type [com.ibatis.sqlmap.engine.mapping.result.ResultObjectFactoryUtil.FactorySettings] (value [com.ibatis.sqlmap.engine.mapping.result.ResultObjectFactoryUtil$FactorySettings@18b97d02]) but failed to remove it when the web application was stopped. This is very likely to create a memory leak.
May 23, 2014 9:49:21 AM org.apache.catalina.loader.WebappClassLoader checkThreadLocalMapForLeaks
SEVERE: The web application [/monkey_foxwan_web] created a ThreadLocal with key of type [net.sf.json.AbstractJSON$1] (value [net.sf.json.AbstractJSON$1@609919c9]) and a value of type [java.util.HashSet] (value [[]]) but failed to remove it when the web application was stopped. This is very likely to create a memory leak.
May 23, 2014 9:49:21 AM org.apache.catalina.loader.WebappClassLoader checkThreadLocalMapForLeaks
SEVERE: The web application [/monkey_foxwan_web] created a ThreadLocal with key of type [java.lang.ThreadLocal] (value [java.lang.ThreadLocal@56c6580c]) and a value of type [com.ibatis.sqlmap.engine.impl.SqlMapSessionImpl] (value [com.ibatis.sqlmap.engine.impl.SqlMapSessionImpl@39be1afc]) but failed to remove it when the web application was stopped. This is very likely to create a memory leak.
May 23, 2014 9:49:21 AM org.apache.catalina.loader.WebappClassLoader checkThreadLocalMapForLeaks
SEVERE: The web application [/monkey_foxwan_web] created a ThreadLocal with key of type [java.lang.ThreadLocal] (value [java.lang.ThreadLocal@636c0caa]) and a value of type [com.ibatis.sqlmap.engine.mapping.result.ResultObjectFactoryUtil.FactorySettings] (value [com.ibatis.sqlmap.engine.mapping.result.ResultObjectFactoryUtil$FactorySettings@6fddb401]) but failed to remove it when the web application was stopped. This is very likely to create a memory leak.
May 23, 2014 9:49:21 AM org.apache.catalina.loader.WebappClassLoader checkThreadLocalMapForLeaks
SEVERE: The web application [/monkey_foxwan_web] created a ThreadLocal with key of type [net.sf.json.AbstractJSON$1] (value [net.sf.json.AbstractJSON$1@609919c9]) and a value of type [java.util.HashSet] (value [[]]) but failed to remove it when the web application was stopped. This is very likely to create a memory leak.
May 23, 2014 9:49:21 AM org.apache.catalina.loader.WebappClassLoader checkThreadLocalMapForLeaks
SEVERE: The web application [/monkey_foxwan_web] created a ThreadLocal with key of type [java.lang.ThreadLocal] (value [java.lang.ThreadLocal@56c6580c]) and a value of type [com.ibatis.sqlmap.engine.impl.SqlMapSessionImpl] (value [com.ibatis.sqlmap.engine.impl.SqlMapSessionImpl@4454e707]) but failed to remove it when the web application was stopped. This is very likely to create a memory leak.
May 23, 2014 9:49:21 AM org.apache.catalina.loader.WebappClassLoader checkThreadLocalMapForLeaks
SEVERE: The web application [/monkey_foxwan_web] created a ThreadLocal with key of type [net.sf.json.AbstractJSON$1] (value [net.sf.json.AbstractJSON$1@609919c9]) and a value of type [java.util.HashSet] (value [[]]) but failed to remove it when the web application was stopped. This is very likely to create a memory leak.
May 23, 2014 9:49:21 AM org.apache.catalina.loader.WebappClassLoader checkThreadLocalMapForLeaks
SEVERE: The web application [/monkey_foxwan_web] created a ThreadLocal with key of type [java.lang.ThreadLocal] (value [java.lang.ThreadLocal@636c0caa]) and a value of type [com.ibatis.sqlmap.engine.mapping.result.ResultObjectFactoryUtil.FactorySettings] (value [com.ibatis.sqlmap.engine.mapping.result.ResultObjectFactoryUtil$FactorySettings@220b9f9d]) but failed to remove it when the web application was stopped. This is very likely to create a memory leak.
May 23, 2014 9:49:21 AM org.apache.catalina.loader.WebappClassLoader checkThreadLocalMapForLeaks
SEVERE: The web application [/monkey_foxwan_web] created a ThreadLocal with key of type [net.sf.json.AbstractJSON$1] (value [net.sf.json.AbstractJSON$1@609919c9]) and a value of type [java.util.HashSet] (value [[]]) but failed to remove it when the web application was stopped. This is very likely to create a memory leak.
May 23, 2014 9:49:21 AM org.apache.catalina.loader.WebappClassLoader checkThreadLocalMapForLeaks
SEVERE: The web application [/monkey_foxwan_web] created a ThreadLocal with key of type [java.lang.ThreadLocal] (value [java.lang.ThreadLocal@56c6580c]) and a value of type [com.ibatis.sqlmap.engine.impl.SqlMapSessionImpl] (value [com.ibatis.sqlmap.engine.impl.SqlMapSessionImpl@291c0de1]) but failed to remove it when the web application was stopped. This is very likely to create a memory leak.
May 23, 2014 9:49:22 AM org.apache.coyote.http11.Http11Protocol destroy
INFO: Stopping Coyote HTTP/1.1 on http-8181
May 23, 2014 9:49:35 AM org.apache.catalina.core.AprLifecycleListener init
INFO: The APR based Apache Tomcat Native library which allows optimal performance in production environments was not found on the java.library.path: /usr/java/jdk1.6.0_45/jre/lib/amd64/server:/usr/java/jdk1.6.0_45/jre/lib/amd64:/usr/java/jdk1.6.0_45/jre/../lib/amd64:/usr/java/packages/lib/amd64:/usr/lib64:/lib64:/lib:/usr/lib
May 23, 2014 9:49:35 AM org.apache.coyote.http11.Http11Protocol init
INFO: Initializing Coyote HTTP/1.1 on http-8181
May 23, 2014 9:49:35 AM org.apache.catalina.startup.Catalina load
INFO: Initialization processed in 493 ms
May 23, 2014 9:49:35 AM org.apache.catalina.core.StandardService start
INFO: Starting service Catalina
May 23, 2014 9:49:35 AM org.apache.catalina.core.StandardEngine start
INFO: Starting Servlet Engine: Apache Tomcat/6.0.36
May 23, 2014 9:49:35 AM org.apache.catalina.startup.HostConfig deployDescriptor
INFO: Deploying configuration descriptor host-manager.xml
May 23, 2014 9:49:35 AM org.apache.catalina.startup.HostConfig deployDescriptor
INFO: Deploying configuration descriptor manager.xml
May 23, 2014 9:49:35 AM org.apache.catalina.startup.HostConfig deployDirectory
INFO: Deploying web application directory ROOT
May 23, 2014 9:49:35 AM org.apache.catalina.startup.HostConfig deployDirectory
INFO: Deploying web application directory examples
May 23, 2014 9:49:36 AM org.apache.catalina.startup.HostConfig deployDirectory
INFO: Deploying web application directory docs
May 23, 2014 9:49:36 AM org.apache.catalina.startup.HostConfig deployDirectory
INFO: Deploying web application directory monkey_foxwan_web
May 23, 2014 9:49:37 AM org.apache.coyote.http11.Http11Protocol start
INFO: Starting Coyote HTTP/1.1 on http-8181
May 23, 2014 9:49:37 AM org.apache.jk.common.ChannelSocket init
INFO: JK: ajp13 listening on /0.0.0.0:8009
May 23, 2014 9:49:37 AM org.apache.jk.server.JkMain start
INFO: Jk running ID=0 time=0/23  config=null
May 23, 2014 9:49:37 AM org.apache.catalina.startup.Catalina start
INFO: Server startup in 1924 ms
