Apr 24, 2014 1:57:13 PM org.apache.coyote.http11.Http11Protocol pause
INFO: Pausing Coyote HTTP/1.1 on http-8181
Apr 24, 2014 1:57:14 PM org.apache.catalina.core.StandardService stop
INFO: Stopping service Catalina
Apr 24, 2014 1:57:14 PM org.apache.catalina.loader.WebappClassLoader clearReferencesJdbc
SEVERE: The web application [/monkey_foxwan_web] registered the JDBC driver [com.mysql.jdbc.Driver] but failed to unregister it when the web application was stopped. To prevent a memory leak, the JDBC Driver has been forcibly unregistered.
Apr 24, 2014 1:57:14 PM org.apache.catalina.loader.WebappClassLoader clearReferencesJdbc
SEVERE: The web application [/monkey_foxwan_web] registered the JDBC driver [com.mysql.jdbc.Driver] but failed to unregister it when the web application was stopped. To prevent a memory leak, the JDBC Driver has been forcibly unregistered.
Apr 24, 2014 1:57:14 PM org.apache.catalina.loader.WebappClassLoader clearReferencesThreads
SEVERE: The web application [/monkey_foxwan_web] appears to have started a thread named [pool-10-thread-3] but has failed to stop it. This is very likely to create a memory leak.
Apr 24, 2014 1:57:14 PM org.apache.catalina.loader.WebappClassLoader clearReferencesThreads
SEVERE: The web application [/monkey_foxwan_web] appears to have started a thread named [pool-9-thread-2] but has failed to stop it. This is very likely to create a memory leak.
Apr 24, 2014 1:57:14 PM org.apache.catalina.loader.WebappClassLoader checkThreadLocalMapForLeaks
SEVERE: The web application [/monkey_foxwan_web] created a ThreadLocal with key of type [java.lang.ThreadLocal] (value [java.lang.ThreadLocal@7162e79c]) and a value of type [com.ibatis.sqlmap.engine.mapping.result.ResultObjectFactoryUtil.FactorySettings] (value [com.ibatis.sqlmap.engine.mapping.result.ResultObjectFactoryUtil$FactorySettings@11e78461]) but failed to remove it when the web application was stopped. This is very likely to create a memory leak.
Apr 24, 2014 1:57:14 PM org.apache.catalina.loader.WebappClassLoader checkThreadLocalMapForLeaks
SEVERE: The web application [/monkey_foxwan_web] created a ThreadLocal with key of type [java.lang.ThreadLocal] (value [java.lang.ThreadLocal@76a40575]) and a value of type [com.ibatis.sqlmap.engine.impl.SqlMapSessionImpl] (value [com.ibatis.sqlmap.engine.impl.SqlMapSessionImpl@a62812d]) but failed to remove it when the web application was stopped. This is very likely to create a memory leak.
Apr 24, 2014 1:57:14 PM org.apache.catalina.loader.WebappClassLoader checkThreadLocalMapForLeaks
SEVERE: The web application [/monkey_foxwan_web] created a ThreadLocal with key of type [java.lang.ThreadLocal] (value [java.lang.ThreadLocal@7162e79c]) and a value of type [com.ibatis.sqlmap.engine.mapping.result.ResultObjectFactoryUtil.FactorySettings] (value [com.ibatis.sqlmap.engine.mapping.result.ResultObjectFactoryUtil$FactorySettings@490eb6ae]) but failed to remove it when the web application was stopped. This is very likely to create a memory leak.
Apr 24, 2014 1:57:14 PM org.apache.catalina.loader.WebappClassLoader checkThreadLocalMapForLeaks
SEVERE: The web application [/monkey_foxwan_web] created a ThreadLocal with key of type [net.sf.json.AbstractJSON$1] (value [net.sf.json.AbstractJSON$1@64fb7efa]) and a value of type [java.util.HashSet] (value [[]]) but failed to remove it when the web application was stopped. This is very likely to create a memory leak.
Apr 24, 2014 1:57:14 PM org.apache.catalina.loader.WebappClassLoader checkThreadLocalMapForLeaks
SEVERE: The web application [/monkey_foxwan_web] created a ThreadLocal with key of type [java.lang.ThreadLocal] (value [java.lang.ThreadLocal@76a40575]) and a value of type [com.ibatis.sqlmap.engine.impl.SqlMapSessionImpl] (value [com.ibatis.sqlmap.engine.impl.SqlMapSessionImpl@3b4d82e1]) but failed to remove it when the web application was stopped. This is very likely to create a memory leak.
Apr 24, 2014 1:57:14 PM org.apache.catalina.loader.WebappClassLoader checkThreadLocalMapForLeaks
SEVERE: The web application [/monkey_foxwan_web] created a ThreadLocal with key of type [java.lang.ThreadLocal] (value [java.lang.ThreadLocal@7162e79c]) and a value of type [com.ibatis.sqlmap.engine.mapping.result.ResultObjectFactoryUtil.FactorySettings] (value [com.ibatis.sqlmap.engine.mapping.result.ResultObjectFactoryUtil$FactorySettings@5dcba031]) but failed to remove it when the web application was stopped. This is very likely to create a memory leak.
Apr 24, 2014 1:57:14 PM org.apache.catalina.loader.WebappClassLoader checkThreadLocalMapForLeaks
SEVERE: The web application [/monkey_foxwan_web] created a ThreadLocal with key of type [net.sf.json.AbstractJSON$1] (value [net.sf.json.AbstractJSON$1@64fb7efa]) and a value of type [java.util.HashSet] (value [[]]) but failed to remove it when the web application was stopped. This is very likely to create a memory leak.
Apr 24, 2014 1:57:14 PM org.apache.catalina.loader.WebappClassLoader checkThreadLocalMapForLeaks
SEVERE: The web application [/monkey_foxwan_web] created a ThreadLocal with key of type [java.lang.ThreadLocal] (value [java.lang.ThreadLocal@76a40575]) and a value of type [com.ibatis.sqlmap.engine.impl.SqlMapSessionImpl] (value [com.ibatis.sqlmap.engine.impl.SqlMapSessionImpl@63822112]) but failed to remove it when the web application was stopped. This is very likely to create a memory leak.
Apr 24, 2014 1:57:14 PM org.apache.catalina.loader.WebappClassLoader checkThreadLocalMapForLeaks
SEVERE: The web application [/monkey_foxwan_web] created a ThreadLocal with key of type [java.lang.ThreadLocal] (value [java.lang.ThreadLocal@7162e79c]) and a value of type [com.ibatis.sqlmap.engine.mapping.result.ResultObjectFactoryUtil.FactorySettings] (value [com.ibatis.sqlmap.engine.mapping.result.ResultObjectFactoryUtil$FactorySettings@744957c7]) but failed to remove it when the web application was stopped. This is very likely to create a memory leak.
Apr 24, 2014 1:57:14 PM org.apache.catalina.loader.WebappClassLoader checkThreadLocalMapForLeaks
SEVERE: The web application [/monkey_foxwan_web] created a ThreadLocal with key of type [java.lang.ThreadLocal] (value [java.lang.ThreadLocal@76a40575]) and a value of type [com.ibatis.sqlmap.engine.impl.SqlMapSessionImpl] (value [com.ibatis.sqlmap.engine.impl.SqlMapSessionImpl@7b220575]) but failed to remove it when the web application was stopped. This is very likely to create a memory leak.
Apr 24, 2014 1:57:14 PM org.apache.catalina.loader.WebappClassLoader checkThreadLocalMapForLeaks
SEVERE: The web application [/monkey_foxwan_web] created a ThreadLocal with key of type [java.lang.ThreadLocal] (value [java.lang.ThreadLocal@7162e79c]) and a value of type [com.ibatis.sqlmap.engine.mapping.result.ResultObjectFactoryUtil.FactorySettings] (value [com.ibatis.sqlmap.engine.mapping.result.ResultObjectFactoryUtil$FactorySettings@7694837a]) but failed to remove it when the web application was stopped. This is very likely to create a memory leak.
Apr 24, 2014 1:57:14 PM org.apache.catalina.loader.WebappClassLoader checkThreadLocalMapForLeaks
SEVERE: The web application [/monkey_foxwan_web] created a ThreadLocal with key of type [net.sf.json.AbstractJSON$1] (value [net.sf.json.AbstractJSON$1@64fb7efa]) and a value of type [java.util.HashSet] (value [[]]) but failed to remove it when the web application was stopped. This is very likely to create a memory leak.
Apr 24, 2014 1:57:14 PM org.apache.catalina.loader.WebappClassLoader checkThreadLocalMapForLeaks
SEVERE: The web application [/monkey_foxwan_web] created a ThreadLocal with key of type [java.lang.ThreadLocal] (value [java.lang.ThreadLocal@76a40575]) and a value of type [com.ibatis.sqlmap.engine.impl.SqlMapSessionImpl] (value [com.ibatis.sqlmap.engine.impl.SqlMapSessionImpl@1043fb68]) but failed to remove it when the web application was stopped. This is very likely to create a memory leak.
Apr 24, 2014 1:57:14 PM org.apache.catalina.loader.WebappClassLoader checkThreadLocalMapForLeaks
SEVERE: The web application [/monkey_foxwan_web] created a ThreadLocal with key of type [java.lang.ThreadLocal] (value [java.lang.ThreadLocal@7162e79c]) and a value of type [com.ibatis.sqlmap.engine.mapping.result.ResultObjectFactoryUtil.FactorySettings] (value [com.ibatis.sqlmap.engine.mapping.result.ResultObjectFactoryUtil$FactorySettings@5f2e712f]) but failed to remove it when the web application was stopped. This is very likely to create a memory leak.
Apr 24, 2014 1:57:14 PM org.apache.catalina.loader.WebappClassLoader checkThreadLocalMapForLeaks
SEVERE: The web application [/monkey_foxwan_web] created a ThreadLocal with key of type [net.sf.json.AbstractJSON$1] (value [net.sf.json.AbstractJSON$1@64fb7efa]) and a value of type [java.util.HashSet] (value [[]]) but failed to remove it when the web application was stopped. This is very likely to create a memory leak.
Apr 24, 2014 1:57:14 PM org.apache.catalina.loader.WebappClassLoader checkThreadLocalMapForLeaks
SEVERE: The web application [/monkey_foxwan_web] created a ThreadLocal with key of type [java.lang.ThreadLocal] (value [java.lang.ThreadLocal@76a40575]) and a value of type [com.ibatis.sqlmap.engine.impl.SqlMapSessionImpl] (value [com.ibatis.sqlmap.engine.impl.SqlMapSessionImpl@6208f57a]) but failed to remove it when the web application was stopped. This is very likely to create a memory leak.
Apr 24, 2014 1:57:14 PM org.apache.coyote.http11.Http11Protocol destroy
INFO: Stopping Coyote HTTP/1.1 on http-8181
Apr 24, 2014 1:57:38 PM org.apache.catalina.core.AprLifecycleListener init
INFO: The APR based Apache Tomcat Native library which allows optimal performance in production environments was not found on the java.library.path: /usr/java/jdk1.6.0_45/jre/lib/amd64/server:/usr/java/jdk1.6.0_45/jre/lib/amd64:/usr/java/jdk1.6.0_45/jre/../lib/amd64:/usr/java/packages/lib/amd64:/usr/lib64:/lib64:/lib:/usr/lib
Apr 24, 2014 1:57:38 PM org.apache.coyote.http11.Http11Protocol init
INFO: Initializing Coyote HTTP/1.1 on http-8181
Apr 24, 2014 1:57:38 PM org.apache.catalina.startup.Catalina load
INFO: Initialization processed in 511 ms
Apr 24, 2014 1:57:38 PM org.apache.catalina.core.StandardService start
INFO: Starting service Catalina
Apr 24, 2014 1:57:38 PM org.apache.catalina.core.StandardEngine start
INFO: Starting Servlet Engine: Apache Tomcat/6.0.36
Apr 24, 2014 1:57:38 PM org.apache.catalina.startup.HostConfig deployDescriptor
INFO: Deploying configuration descriptor host-manager.xml
Apr 24, 2014 1:57:38 PM org.apache.catalina.startup.HostConfig deployDescriptor
INFO: Deploying configuration descriptor manager.xml
Apr 24, 2014 1:57:38 PM org.apache.catalina.startup.HostConfig deployDirectory
INFO: Deploying web application directory ROOT
Apr 24, 2014 1:57:38 PM org.apache.catalina.startup.HostConfig deployDirectory
INFO: Deploying web application directory examples
Apr 24, 2014 1:57:38 PM org.apache.catalina.startup.HostConfig deployDirectory
INFO: Deploying web application directory docs
Apr 24, 2014 1:57:38 PM org.apache.catalina.startup.HostConfig deployDirectory
INFO: Deploying web application directory monkey_foxwan_web
Apr 24, 2014 1:57:40 PM org.apache.coyote.http11.Http11Protocol start
INFO: Starting Coyote HTTP/1.1 on http-8181
Apr 24, 2014 1:57:40 PM org.apache.jk.common.ChannelSocket init
INFO: JK: ajp13 listening on /0.0.0.0:8009
Apr 24, 2014 1:57:40 PM org.apache.jk.server.JkMain start
INFO: Jk running ID=0 time=0/26  config=null
Apr 24, 2014 1:57:40 PM org.apache.catalina.startup.Catalina start
INFO: Server startup in 2032 ms
Apr 24, 2014 2:49:43 PM org.apache.coyote.http11.Http11Protocol pause
INFO: Pausing Coyote HTTP/1.1 on http-8181
Apr 24, 2014 2:49:44 PM org.apache.catalina.core.StandardService stop
INFO: Stopping service Catalina
Apr 24, 2014 2:49:44 PM org.apache.catalina.loader.WebappClassLoader clearReferencesJdbc
SEVERE: The web application [/monkey_foxwan_web] registered the JDBC driver [com.mysql.jdbc.Driver] but failed to unregister it when the web application was stopped. To prevent a memory leak, the JDBC Driver has been forcibly unregistered.
Apr 24, 2014 2:49:44 PM org.apache.catalina.loader.WebappClassLoader clearReferencesJdbc
SEVERE: The web application [/monkey_foxwan_web] registered the JDBC driver [com.mysql.jdbc.Driver] but failed to unregister it when the web application was stopped. To prevent a memory leak, the JDBC Driver has been forcibly unregistered.
Apr 24, 2014 2:49:44 PM org.apache.catalina.loader.WebappClassLoader clearReferencesThreads
SEVERE: The web application [/monkey_foxwan_web] appears to have started a thread named [Thread-73] but has failed to stop it. This is very likely to create a memory leak.
Apr 24, 2014 2:49:44 PM org.apache.catalina.loader.WebappClassLoader clearReferencesThreads
SEVERE: The web application [/monkey_foxwan_web] appears to have started a thread named [Thread-74] but has failed to stop it. This is very likely to create a memory leak.
Apr 24, 2014 2:49:44 PM org.apache.catalina.loader.WebappClassLoader clearReferencesThreads
SEVERE: The web application [/monkey_foxwan_web] appears to have started a thread named [NioProcessor-7] but has failed to stop it. This is very likely to create a memory leak.
Apr 24, 2014 2:49:44 PM org.apache.catalina.loader.WebappClassLoader clearReferencesThreads
SEVERE: The web application [/monkey_foxwan_web] appears to have started a thread named [NioProcessor-18] but has failed to stop it. This is very likely to create a memory leak.
Apr 24, 2014 2:49:44 PM org.apache.catalina.loader.WebappClassLoader checkThreadLocalMapForLeaks
SEVERE: The web application [/monkey_foxwan_web] created a ThreadLocal with key of type [java.lang.ThreadLocal] (value [java.lang.ThreadLocal@ea8e5ac]) and a value of type [com.ibatis.sqlmap.engine.mapping.result.ResultObjectFactoryUtil.FactorySettings] (value [com.ibatis.sqlmap.engine.mapping.result.ResultObjectFactoryUtil$FactorySettings@50bed4c1]) but failed to remove it when the web application was stopped. This is very likely to create a memory leak.
Apr 24, 2014 2:49:44 PM org.apache.catalina.loader.WebappClassLoader checkThreadLocalMapForLeaks
SEVERE: The web application [/monkey_foxwan_web] created a ThreadLocal with key of type [net.sf.json.AbstractJSON$1] (value [net.sf.json.AbstractJSON$1@2081f451]) and a value of type [java.util.HashSet] (value [[]]) but failed to remove it when the web application was stopped. This is very likely to create a memory leak.
Apr 24, 2014 2:49:44 PM org.apache.catalina.loader.WebappClassLoader checkThreadLocalMapForLeaks
SEVERE: The web application [/monkey_foxwan_web] created a ThreadLocal with key of type [java.lang.ThreadLocal] (value [java.lang.ThreadLocal@33cf0283]) and a value of type [com.ibatis.sqlmap.engine.impl.SqlMapSessionImpl] (value [com.ibatis.sqlmap.engine.impl.SqlMapSessionImpl@5bae0107]) but failed to remove it when the web application was stopped. This is very likely to create a memory leak.
Apr 24, 2014 2:49:44 PM org.apache.catalina.loader.WebappClassLoader checkThreadLocalMapForLeaks
SEVERE: The web application [/monkey_foxwan_web] created a ThreadLocal with key of type [net.sf.json.AbstractJSON$1] (value [net.sf.json.AbstractJSON$1@2081f451]) and a value of type [java.util.HashSet] (value [[]]) but failed to remove it when the web application was stopped. This is very likely to create a memory leak.
Apr 24, 2014 2:49:44 PM org.apache.catalina.loader.WebappClassLoader checkThreadLocalMapForLeaks
SEVERE: The web application [/monkey_foxwan_web] created a ThreadLocal with key of type [net.sf.json.AbstractJSON$1] (value [net.sf.json.AbstractJSON$1@2081f451]) and a value of type [java.util.HashSet] (value [[]]) but failed to remove it when the web application was stopped. This is very likely to create a memory leak.
Apr 24, 2014 2:49:44 PM org.apache.catalina.loader.WebappClassLoader checkThreadLocalMapForLeaks
SEVERE: The web application [/monkey_foxwan_web] created a ThreadLocal with key of type [net.sf.json.AbstractJSON$1] (value [net.sf.json.AbstractJSON$1@2081f451]) and a value of type [java.util.HashSet] (value [[]]) but failed to remove it when the web application was stopped. This is very likely to create a memory leak.
Apr 24, 2014 2:49:44 PM org.apache.catalina.loader.WebappClassLoader checkThreadLocalMapForLeaks
SEVERE: The web application [/monkey_foxwan_web] created a ThreadLocal with key of type [net.sf.json.AbstractJSON$1] (value [net.sf.json.AbstractJSON$1@2081f451]) and a value of type [java.util.HashSet] (value [[]]) but failed to remove it when the web application was stopped. This is very likely to create a memory leak.
Apr 24, 2014 2:49:44 PM org.apache.catalina.loader.WebappClassLoader checkThreadLocalMapForLeaks
SEVERE: The web application [/monkey_foxwan_web] created a ThreadLocal with key of type [net.sf.json.AbstractJSON$1] (value [net.sf.json.AbstractJSON$1@2081f451]) and a value of type [java.util.HashSet] (value [[]]) but failed to remove it when the web application was stopped. This is very likely to create a memory leak.
Apr 24, 2014 2:49:44 PM org.apache.catalina.loader.WebappClassLoader checkThreadLocalMapForLeaks
SEVERE: The web application [/monkey_foxwan_web] created a ThreadLocal with key of type [net.sf.json.AbstractJSON$1] (value [net.sf.json.AbstractJSON$1@2081f451]) and a value of type [java.util.HashSet] (value [[]]) but failed to remove it when the web application was stopped. This is very likely to create a memory leak.
Apr 24, 2014 2:49:44 PM org.apache.catalina.loader.WebappClassLoader checkThreadLocalMapForLeaks
SEVERE: The web application [/monkey_foxwan_web] created a ThreadLocal with key of type [net.sf.json.AbstractJSON$1] (value [net.sf.json.AbstractJSON$1@2081f451]) and a value of type [java.util.HashSet] (value [[]]) but failed to remove it when the web application was stopped. This is very likely to create a memory leak.
Apr 24, 2014 2:49:44 PM org.apache.catalina.loader.WebappClassLoader checkThreadLocalMapForLeaks
SEVERE: The web application [/monkey_foxwan_web] created a ThreadLocal with key of type [net.sf.json.AbstractJSON$1] (value [net.sf.json.AbstractJSON$1@2081f451]) and a value of type [java.util.HashSet] (value [[]]) but failed to remove it when the web application was stopped. This is very likely to create a memory leak.
Apr 24, 2014 2:49:44 PM org.apache.catalina.loader.WebappClassLoader checkThreadLocalMapForLeaks
SEVERE: The web application [/monkey_foxwan_web] created a ThreadLocal with key of type [net.sf.json.AbstractJSON$1] (value [net.sf.json.AbstractJSON$1@2081f451]) and a value of type [java.util.HashSet] (value [[]]) but failed to remove it when the web application was stopped. This is very likely to create a memory leak.
Apr 24, 2014 2:49:44 PM org.apache.catalina.loader.WebappClassLoader checkThreadLocalMapForLeaks
SEVERE: The web application [/monkey_foxwan_web] created a ThreadLocal with key of type [java.lang.ThreadLocal] (value [java.lang.ThreadLocal@ea8e5ac]) and a value of type [com.ibatis.sqlmap.engine.mapping.result.ResultObjectFactoryUtil.FactorySettings] (value [com.ibatis.sqlmap.engine.mapping.result.ResultObjectFactoryUtil$FactorySettings@7cc5a196]) but failed to remove it when the web application was stopped. This is very likely to create a memory leak.
Apr 24, 2014 2:49:44 PM org.apache.catalina.loader.WebappClassLoader checkThreadLocalMapForLeaks
SEVERE: The web application [/monkey_foxwan_web] created a ThreadLocal with key of type [net.sf.json.AbstractJSON$1] (value [net.sf.json.AbstractJSON$1@2081f451]) and a value of type [java.util.HashSet] (value [[]]) but failed to remove it when the web application was stopped. This is very likely to create a memory leak.
Apr 24, 2014 2:49:44 PM org.apache.catalina.loader.WebappClassLoader checkThreadLocalMapForLeaks
SEVERE: The web application [/monkey_foxwan_web] created a ThreadLocal with key of type [java.lang.ThreadLocal] (value [java.lang.ThreadLocal@33cf0283]) and a value of type [com.ibatis.sqlmap.engine.impl.SqlMapSessionImpl] (value [com.ibatis.sqlmap.engine.impl.SqlMapSessionImpl@12f3bed9]) but failed to remove it when the web application was stopped. This is very likely to create a memory leak.
Apr 24, 2014 2:49:44 PM org.apache.catalina.loader.WebappClassLoader checkThreadLocalMapForLeaks
SEVERE: The web application [/monkey_foxwan_web] created a ThreadLocal with key of type [net.sf.json.AbstractJSON$1] (value [net.sf.json.AbstractJSON$1@2081f451]) and a value of type [java.util.HashSet] (value [[]]) but failed to remove it when the web application was stopped. This is very likely to create a memory leak.
Apr 24, 2014 2:49:44 PM org.apache.catalina.loader.WebappClassLoader checkThreadLocalMapForLeaks
SEVERE: The web application [/monkey_foxwan_web] created a ThreadLocal with key of type [net.sf.json.AbstractJSON$1] (value [net.sf.json.AbstractJSON$1@2081f451]) and a value of type [java.util.HashSet] (value [[]]) but failed to remove it when the web application was stopped. This is very likely to create a memory leak.
Apr 24, 2014 2:49:44 PM org.apache.catalina.loader.WebappClassLoader checkThreadLocalMapForLeaks
SEVERE: The web application [/monkey_foxwan_web] created a ThreadLocal with key of type [net.sf.json.AbstractJSON$1] (value [net.sf.json.AbstractJSON$1@2081f451]) and a value of type [java.util.HashSet] (value [[]]) but failed to remove it when the web application was stopped. This is very likely to create a memory leak.
Apr 24, 2014 2:49:44 PM org.apache.catalina.loader.WebappClassLoader checkThreadLocalMapForLeaks
SEVERE: The web application [/monkey_foxwan_web] created a ThreadLocal with key of type [net.sf.json.AbstractJSON$1] (value [net.sf.json.AbstractJSON$1@2081f451]) and a value of type [java.util.HashSet] (value [[]]) but failed to remove it when the web application was stopped. This is very likely to create a memory leak.
Apr 24, 2014 2:49:44 PM org.apache.catalina.loader.WebappClassLoader checkThreadLocalMapForLeaks
SEVERE: The web application [/monkey_foxwan_web] created a ThreadLocal with key of type [net.sf.json.AbstractJSON$1] (value [net.sf.json.AbstractJSON$1@2081f451]) and a value of type [java.util.HashSet] (value [[]]) but failed to remove it when the web application was stopped. This is very likely to create a memory leak.
Apr 24, 2014 2:49:44 PM org.apache.catalina.loader.WebappClassLoader checkThreadLocalMapForLeaks
SEVERE: The web application [/monkey_foxwan_web] created a ThreadLocal with key of type [net.sf.json.AbstractJSON$1] (value [net.sf.json.AbstractJSON$1@2081f451]) and a value of type [java.util.HashSet] (value [[]]) but failed to remove it when the web application was stopped. This is very likely to create a memory leak.
Apr 24, 2014 2:49:44 PM org.apache.catalina.loader.WebappClassLoader checkThreadLocalMapForLeaks
SEVERE: The web application [/monkey_foxwan_web] created a ThreadLocal with key of type [net.sf.json.AbstractJSON$1] (value [net.sf.json.AbstractJSON$1@2081f451]) and a value of type [java.util.HashSet] (value [[]]) but failed to remove it when the web application was stopped. This is very likely to create a memory leak.
Apr 24, 2014 2:49:44 PM org.apache.catalina.loader.WebappClassLoader checkThreadLocalMapForLeaks
SEVERE: The web application [/monkey_foxwan_web] created a ThreadLocal with key of type [net.sf.json.AbstractJSON$1] (value [net.sf.json.AbstractJSON$1@2081f451]) and a value of type [java.util.HashSet] (value [[]]) but failed to remove it when the web application was stopped. This is very likely to create a memory leak.
Apr 24, 2014 2:49:44 PM org.apache.catalina.loader.WebappClassLoader checkThreadLocalMapForLeaks
SEVERE: The web application [/monkey_foxwan_web] created a ThreadLocal with key of type [net.sf.json.AbstractJSON$1] (value [net.sf.json.AbstractJSON$1@2081f451]) and a value of type [java.util.HashSet] (value [[]]) but failed to remove it when the web application was stopped. This is very likely to create a memory leak.
Apr 24, 2014 2:49:44 PM org.apache.catalina.loader.WebappClassLoader checkThreadLocalMapForLeaks
SEVERE: The web application [/monkey_foxwan_web] created a ThreadLocal with key of type [net.sf.json.AbstractJSON$1] (value [net.sf.json.AbstractJSON$1@2081f451]) and a value of type [java.util.HashSet] (value [[]]) but failed to remove it when the web application was stopped. This is very likely to create a memory leak.
Apr 24, 2014 2:49:44 PM org.apache.catalina.loader.WebappClassLoader checkThreadLocalMapForLeaks
SEVERE: The web application [/monkey_foxwan_web] created a ThreadLocal with key of type [net.sf.json.AbstractJSON$1] (value [net.sf.json.AbstractJSON$1@2081f451]) and a value of type [java.util.HashSet] (value [[]]) but failed to remove it when the web application was stopped. This is very likely to create a memory leak.
Apr 24, 2014 2:49:44 PM org.apache.catalina.loader.WebappClassLoader checkThreadLocalMapForLeaks
SEVERE: The web application [/monkey_foxwan_web] created a ThreadLocal with key of type [net.sf.json.AbstractJSON$1] (value [net.sf.json.AbstractJSON$1@2081f451]) and a value of type [java.util.HashSet] (value [[]]) but failed to remove it when the web application was stopped. This is very likely to create a memory leak.
Apr 24, 2014 2:49:44 PM org.apache.catalina.loader.WebappClassLoader checkThreadLocalMapForLeaks
SEVERE: The web application [/monkey_foxwan_web] created a ThreadLocal with key of type [net.sf.json.AbstractJSON$1] (value [net.sf.json.AbstractJSON$1@2081f451]) and a value of type [java.util.HashSet] (value [[]]) but failed to remove it when the web application was stopped. This is very likely to create a memory leak.
Apr 24, 2014 2:49:44 PM org.apache.catalina.loader.WebappClassLoader checkThreadLocalMapForLeaks
SEVERE: The web application [/monkey_foxwan_web] created a ThreadLocal with key of type [net.sf.json.AbstractJSON$1] (value [net.sf.json.AbstractJSON$1@2081f451]) and a value of type [java.util.HashSet] (value [[]]) but failed to remove it when the web application was stopped. This is very likely to create a memory leak.
Apr 24, 2014 2:49:44 PM org.apache.catalina.loader.WebappClassLoader checkThreadLocalMapForLeaks
SEVERE: The web application [/monkey_foxwan_web] created a ThreadLocal with key of type [net.sf.json.AbstractJSON$1] (value [net.sf.json.AbstractJSON$1@2081f451]) and a value of type [java.util.HashSet] (value [[]]) but failed to remove it when the web application was stopped. This is very likely to create a memory leak.
Apr 24, 2014 2:49:44 PM org.apache.catalina.loader.WebappClassLoader checkThreadLocalMapForLeaks
SEVERE: The web application [/monkey_foxwan_web] created a ThreadLocal with key of type [net.sf.json.AbstractJSON$1] (value [net.sf.json.AbstractJSON$1@2081f451]) and a value of type [java.util.HashSet] (value [[]]) but failed to remove it when the web application was stopped. This is very likely to create a memory leak.
Apr 24, 2014 2:49:44 PM org.apache.catalina.loader.WebappClassLoader checkThreadLocalMapForLeaks
SEVERE: The web application [/monkey_foxwan_web] created a ThreadLocal with key of type [net.sf.json.AbstractJSON$1] (value [net.sf.json.AbstractJSON$1@2081f451]) and a value of type [java.util.HashSet] (value [[]]) but failed to remove it when the web application was stopped. This is very likely to create a memory leak.
Apr 24, 2014 2:49:44 PM org.apache.catalina.loader.WebappClassLoader checkThreadLocalMapForLeaks
SEVERE: The web application [/monkey_foxwan_web] created a ThreadLocal with key of type [net.sf.json.AbstractJSON$1] (value [net.sf.json.AbstractJSON$1@2081f451]) and a value of type [java.util.HashSet] (value [[]]) but failed to remove it when the web application was stopped. This is very likely to create a memory leak.
Apr 24, 2014 2:49:44 PM org.apache.catalina.loader.WebappClassLoader checkThreadLocalMapForLeaks
SEVERE: The web application [/monkey_foxwan_web] created a ThreadLocal with key of type [net.sf.json.AbstractJSON$1] (value [net.sf.json.AbstractJSON$1@2081f451]) and a value of type [java.util.HashSet] (value [[]]) but failed to remove it when the web application was stopped. This is very likely to create a memory leak.
Apr 24, 2014 2:49:44 PM org.apache.catalina.loader.WebappClassLoader checkThreadLocalMapForLeaks
SEVERE: The web application [/monkey_foxwan_web] created a ThreadLocal with key of type [net.sf.json.AbstractJSON$1] (value [net.sf.json.AbstractJSON$1@2081f451]) and a value of type [java.util.HashSet] (value [[]]) but failed to remove it when the web application was stopped. This is very likely to create a memory leak.
Apr 24, 2014 2:49:44 PM org.apache.catalina.loader.WebappClassLoader checkThreadLocalMapForLeaks
SEVERE: The web application [/monkey_foxwan_web] created a ThreadLocal with key of type [net.sf.json.AbstractJSON$1] (value [net.sf.json.AbstractJSON$1@2081f451]) and a value of type [java.util.HashSet] (value [[]]) but failed to remove it when the web application was stopped. This is very likely to create a memory leak.
Apr 24, 2014 2:49:44 PM org.apache.catalina.loader.WebappClassLoader checkThreadLocalMapForLeaks
SEVERE: The web application [/monkey_foxwan_web] created a ThreadLocal with key of type [java.lang.ThreadLocal] (value [java.lang.ThreadLocal@ea8e5ac]) and a value of type [com.ibatis.sqlmap.engine.mapping.result.ResultObjectFactoryUtil.FactorySettings] (value [com.ibatis.sqlmap.engine.mapping.result.ResultObjectFactoryUtil$FactorySettings@2c980461]) but failed to remove it when the web application was stopped. This is very likely to create a memory leak.
Apr 24, 2014 2:49:44 PM org.apache.catalina.loader.WebappClassLoader checkThreadLocalMapForLeaks
SEVERE: The web application [/monkey_foxwan_web] created a ThreadLocal with key of type [net.sf.json.AbstractJSON$1] (value [net.sf.json.AbstractJSON$1@2081f451]) and a value of type [java.util.HashSet] (value [[]]) but failed to remove it when the web application was stopped. This is very likely to create a memory leak.
Apr 24, 2014 2:49:44 PM org.apache.catalina.loader.WebappClassLoader checkThreadLocalMapForLeaks
SEVERE: The web application [/monkey_foxwan_web] created a ThreadLocal with key of type [java.lang.ThreadLocal] (value [java.lang.ThreadLocal@33cf0283]) and a value of type [com.ibatis.sqlmap.engine.impl.SqlMapSessionImpl] (value [com.ibatis.sqlmap.engine.impl.SqlMapSessionImpl@30479326]) but failed to remove it when the web application was stopped. This is very likely to create a memory leak.
Apr 24, 2014 2:49:44 PM org.apache.catalina.loader.WebappClassLoader checkThreadLocalMapForLeaks
SEVERE: The web application [/monkey_foxwan_web] created a ThreadLocal with key of type [net.sf.json.AbstractJSON$1] (value [net.sf.json.AbstractJSON$1@2081f451]) and a value of type [java.util.HashSet] (value [[]]) but failed to remove it when the web application was stopped. This is very likely to create a memory leak.
Apr 24, 2014 2:49:44 PM org.apache.catalina.loader.WebappClassLoader checkThreadLocalMapForLeaks
SEVERE: The web application [/monkey_foxwan_web] created a ThreadLocal with key of type [net.sf.json.AbstractJSON$1] (value [net.sf.json.AbstractJSON$1@2081f451]) and a value of type [java.util.HashSet] (value [[]]) but failed to remove it when the web application was stopped. This is very likely to create a memory leak.
Apr 24, 2014 2:49:44 PM org.apache.catalina.loader.WebappClassLoader checkThreadLocalMapForLeaks
SEVERE: The web application [/monkey_foxwan_web] created a ThreadLocal with key of type [net.sf.json.AbstractJSON$1] (value [net.sf.json.AbstractJSON$1@2081f451]) and a value of type [java.util.HashSet] (value [[]]) but failed to remove it when the web application was stopped. This is very likely to create a memory leak.
Apr 24, 2014 2:49:44 PM org.apache.catalina.loader.WebappClassLoader checkThreadLocalMapForLeaks
SEVERE: The web application [/monkey_foxwan_web] created a ThreadLocal with key of type [net.sf.json.AbstractJSON$1] (value [net.sf.json.AbstractJSON$1@2081f451]) and a value of type [java.util.HashSet] (value [[]]) but failed to remove it when the web application was stopped. This is very likely to create a memory leak.
Apr 24, 2014 2:49:44 PM org.apache.catalina.loader.WebappClassLoader checkThreadLocalMapForLeaks
SEVERE: The web application [/monkey_foxwan_web] created a ThreadLocal with key of type [net.sf.json.AbstractJSON$1] (value [net.sf.json.AbstractJSON$1@2081f451]) and a value of type [java.util.HashSet] (value [[]]) but failed to remove it when the web application was stopped. This is very likely to create a memory leak.
Apr 24, 2014 2:49:44 PM org.apache.catalina.loader.WebappClassLoader checkThreadLocalMapForLeaks
SEVERE: The web application [/monkey_foxwan_web] created a ThreadLocal with key of type [net.sf.json.AbstractJSON$1] (value [net.sf.json.AbstractJSON$1@2081f451]) and a value of type [java.util.HashSet] (value [[]]) but failed to remove it when the web application was stopped. This is very likely to create a memory leak.
Apr 24, 2014 2:49:44 PM org.apache.catalina.loader.WebappClassLoader checkThreadLocalMapForLeaks
SEVERE: The web application [/monkey_foxwan_web] created a ThreadLocal with key of type [net.sf.json.AbstractJSON$1] (value [net.sf.json.AbstractJSON$1@2081f451]) and a value of type [java.util.HashSet] (value [[]]) but failed to remove it when the web application was stopped. This is very likely to create a memory leak.
Apr 24, 2014 2:49:44 PM org.apache.catalina.loader.WebappClassLoader checkThreadLocalMapForLeaks
SEVERE: The web application [/monkey_foxwan_web] created a ThreadLocal with key of type [net.sf.json.AbstractJSON$1] (value [net.sf.json.AbstractJSON$1@2081f451]) and a value of type [java.util.HashSet] (value [[]]) but failed to remove it when the web application was stopped. This is very likely to create a memory leak.
Apr 24, 2014 2:49:44 PM org.apache.catalina.loader.WebappClassLoader checkThreadLocalMapForLeaks
SEVERE: The web application [/monkey_foxwan_web] created a ThreadLocal with key of type [java.lang.ThreadLocal] (value [java.lang.ThreadLocal@ea8e5ac]) and a value of type [com.ibatis.sqlmap.engine.mapping.result.ResultObjectFactoryUtil.FactorySettings] (value [com.ibatis.sqlmap.engine.mapping.result.ResultObjectFactoryUtil$FactorySettings@182e3919]) but failed to remove it when the web application was stopped. This is very likely to create a memory leak.
Apr 24, 2014 2:49:44 PM org.apache.catalina.loader.WebappClassLoader checkThreadLocalMapForLeaks
SEVERE: The web application [/monkey_foxwan_web] created a ThreadLocal with key of type [net.sf.json.AbstractJSON$1] (value [net.sf.json.AbstractJSON$1@2081f451]) and a value of type [java.util.HashSet] (value [[]]) but failed to remove it when the web application was stopped. This is very likely to create a memory leak.
Apr 24, 2014 2:49:44 PM org.apache.catalina.loader.WebappClassLoader checkThreadLocalMapForLeaks
SEVERE: The web application [/monkey_foxwan_web] created a ThreadLocal with key of type [java.lang.ThreadLocal] (value [java.lang.ThreadLocal@33cf0283]) and a value of type [com.ibatis.sqlmap.engine.impl.SqlMapSessionImpl] (value [com.ibatis.sqlmap.engine.impl.SqlMapSessionImpl@2a6a4b6]) but failed to remove it when the web application was stopped. This is very likely to create a memory leak.
Apr 24, 2014 2:49:44 PM org.apache.catalina.loader.WebappClassLoader checkThreadLocalMapForLeaks
SEVERE: The web application [/monkey_foxwan_web] created a ThreadLocal with key of type [net.sf.json.AbstractJSON$1] (value [net.sf.json.AbstractJSON$1@2081f451]) and a value of type [java.util.HashSet] (value [[]]) but failed to remove it when the web application was stopped. This is very likely to create a memory leak.
Apr 24, 2014 2:49:44 PM org.apache.catalina.loader.WebappClassLoader checkThreadLocalMapForLeaks
SEVERE: The web application [/monkey_foxwan_web] created a ThreadLocal with key of type [net.sf.json.AbstractJSON$1] (value [net.sf.json.AbstractJSON$1@2081f451]) and a value of type [java.util.HashSet] (value [[]]) but failed to remove it when the web application was stopped. This is very likely to create a memory leak.
Apr 24, 2014 2:49:44 PM org.apache.catalina.loader.WebappClassLoader checkThreadLocalMapForLeaks
SEVERE: The web application [/monkey_foxwan_web] created a ThreadLocal with key of type [net.sf.json.AbstractJSON$1] (value [net.sf.json.AbstractJSON$1@2081f451]) and a value of type [java.util.HashSet] (value [[]]) but failed to remove it when the web application was stopped. This is very likely to create a memory leak.
Apr 24, 2014 2:49:44 PM org.apache.catalina.loader.WebappClassLoader checkThreadLocalMapForLeaks
SEVERE: The web application [/monkey_foxwan_web] created a ThreadLocal with key of type [net.sf.json.AbstractJSON$1] (value [net.sf.json.AbstractJSON$1@2081f451]) and a value of type [java.util.HashSet] (value [[]]) but failed to remove it when the web application was stopped. This is very likely to create a memory leak.
Apr 24, 2014 2:49:44 PM org.apache.catalina.loader.WebappClassLoader checkThreadLocalMapForLeaks
SEVERE: The web application [/monkey_foxwan_web] created a ThreadLocal with key of type [net.sf.json.AbstractJSON$1] (value [net.sf.json.AbstractJSON$1@2081f451]) and a value of type [java.util.HashSet] (value [[]]) but failed to remove it when the web application was stopped. This is very likely to create a memory leak.
Apr 24, 2014 2:49:44 PM org.apache.catalina.loader.WebappClassLoader checkThreadLocalMapForLeaks
SEVERE: The web application [/monkey_foxwan_web] created a ThreadLocal with key of type [java.lang.ThreadLocal] (value [java.lang.ThreadLocal@ea8e5ac]) and a value of type [com.ibatis.sqlmap.engine.mapping.result.ResultObjectFactoryUtil.FactorySettings] (value [com.ibatis.sqlmap.engine.mapping.result.ResultObjectFactoryUtil$FactorySettings@a87aa16]) but failed to remove it when the web application was stopped. This is very likely to create a memory leak.
Apr 24, 2014 2:49:44 PM org.apache.catalina.loader.WebappClassLoader checkThreadLocalMapForLeaks
SEVERE: The web application [/monkey_foxwan_web] created a ThreadLocal with key of type [net.sf.json.AbstractJSON$1] (value [net.sf.json.AbstractJSON$1@2081f451]) and a value of type [java.util.HashSet] (value [[]]) but failed to remove it when the web application was stopped. This is very likely to create a memory leak.
Apr 24, 2014 2:49:44 PM org.apache.catalina.loader.WebappClassLoader checkThreadLocalMapForLeaks
SEVERE: The web application [/monkey_foxwan_web] created a ThreadLocal with key of type [java.lang.ThreadLocal] (value [java.lang.ThreadLocal@33cf0283]) and a value of type [com.ibatis.sqlmap.engine.impl.SqlMapSessionImpl] (value [com.ibatis.sqlmap.engine.impl.SqlMapSessionImpl@50af8fc0]) but failed to remove it when the web application was stopped. This is very likely to create a memory leak.
Apr 24, 2014 2:49:44 PM org.apache.catalina.loader.WebappClassLoader checkThreadLocalMapForLeaks
SEVERE: The web application [/monkey_foxwan_web] created a ThreadLocal with key of type [net.sf.json.AbstractJSON$1] (value [net.sf.json.AbstractJSON$1@2081f451]) and a value of type [java.util.HashSet] (value [[]]) but failed to remove it when the web application was stopped. This is very likely to create a memory leak.
Apr 24, 2014 2:49:44 PM org.apache.catalina.loader.WebappClassLoader checkThreadLocalMapForLeaks
SEVERE: The web application [/monkey_foxwan_web] created a ThreadLocal with key of type [net.sf.json.AbstractJSON$1] (value [net.sf.json.AbstractJSON$1@2081f451]) and a value of type [java.util.HashSet] (value [[]]) but failed to remove it when the web application was stopped. This is very likely to create a memory leak.
Apr 24, 2014 2:49:44 PM org.apache.catalina.loader.WebappClassLoader checkThreadLocalMapForLeaks
SEVERE: The web application [/monkey_foxwan_web] created a ThreadLocal with key of type [net.sf.json.AbstractJSON$1] (value [net.sf.json.AbstractJSON$1@2081f451]) and a value of type [java.util.HashSet] (value [[]]) but failed to remove it when the web application was stopped. This is very likely to create a memory leak.
Apr 24, 2014 2:49:44 PM org.apache.catalina.loader.WebappClassLoader checkThreadLocalMapForLeaks
SEVERE: The web application [/monkey_foxwan_web] created a ThreadLocal with key of type [net.sf.json.AbstractJSON$1] (value [net.sf.json.AbstractJSON$1@2081f451]) and a value of type [java.util.HashSet] (value [[]]) but failed to remove it when the web application was stopped. This is very likely to create a memory leak.
Apr 24, 2014 2:49:44 PM org.apache.catalina.loader.WebappClassLoader checkThreadLocalMapForLeaks
SEVERE: The web application [/monkey_foxwan_web] created a ThreadLocal with key of type [net.sf.json.AbstractJSON$1] (value [net.sf.json.AbstractJSON$1@2081f451]) and a value of type [java.util.HashSet] (value [[]]) but failed to remove it when the web application was stopped. This is very likely to create a memory leak.
Apr 24, 2014 2:49:44 PM org.apache.catalina.loader.WebappClassLoader checkThreadLocalMapForLeaks
SEVERE: The web application [/monkey_foxwan_web] created a ThreadLocal with key of type [net.sf.json.AbstractJSON$1] (value [net.sf.json.AbstractJSON$1@2081f451]) and a value of type [java.util.HashSet] (value [[]]) but failed to remove it when the web application was stopped. This is very likely to create a memory leak.
Apr 24, 2014 2:49:44 PM org.apache.catalina.loader.WebappClassLoader checkThreadLocalMapForLeaks
SEVERE: The web application [/monkey_foxwan_web] created a ThreadLocal with key of type [net.sf.json.AbstractJSON$1] (value [net.sf.json.AbstractJSON$1@2081f451]) and a value of type [java.util.HashSet] (value [[]]) but failed to remove it when the web application was stopped. This is very likely to create a memory leak.
Apr 24, 2014 2:49:44 PM org.apache.catalina.loader.WebappClassLoader checkThreadLocalMapForLeaks
SEVERE: The web application [/monkey_foxwan_web] created a ThreadLocal with key of type [net.sf.json.AbstractJSON$1] (value [net.sf.json.AbstractJSON$1@2081f451]) and a value of type [java.util.HashSet] (value [[]]) but failed to remove it when the web application was stopped. This is very likely to create a memory leak.
Apr 24, 2014 2:49:44 PM org.apache.coyote.http11.Http11Protocol destroy
INFO: Stopping Coyote HTTP/1.1 on http-8181
Apr 24, 2014 2:52:01 PM org.apache.catalina.core.AprLifecycleListener init
INFO: The APR based Apache Tomcat Native library which allows optimal performance in production environments was not found on the java.library.path: /usr/java/jdk1.6.0_45/jre/lib/amd64/server:/usr/java/jdk1.6.0_45/jre/lib/amd64:/usr/java/jdk1.6.0_45/jre/../lib/amd64:/usr/java/packages/lib/amd64:/usr/lib64:/lib64:/lib:/usr/lib
Apr 24, 2014 2:52:02 PM org.apache.coyote.http11.Http11Protocol init
INFO: Initializing Coyote HTTP/1.1 on http-8181
Apr 24, 2014 2:52:02 PM org.apache.catalina.startup.Catalina load
INFO: Initialization processed in 520 ms
Apr 24, 2014 2:52:02 PM org.apache.catalina.core.StandardService start
INFO: Starting service Catalina
Apr 24, 2014 2:52:02 PM org.apache.catalina.core.StandardEngine start
INFO: Starting Servlet Engine: Apache Tomcat/6.0.36
Apr 24, 2014 2:52:02 PM org.apache.catalina.startup.HostConfig deployDescriptor
INFO: Deploying configuration descriptor host-manager.xml
Apr 24, 2014 2:52:02 PM org.apache.catalina.startup.HostConfig deployDescriptor
INFO: Deploying configuration descriptor manager.xml
Apr 24, 2014 2:52:02 PM org.apache.catalina.startup.HostConfig deployDirectory
INFO: Deploying web application directory ROOT
Apr 24, 2014 2:52:02 PM org.apache.catalina.startup.HostConfig deployDirectory
INFO: Deploying web application directory examples
Apr 24, 2014 2:52:02 PM org.apache.catalina.startup.HostConfig deployDirectory
INFO: Deploying web application directory docs
Apr 24, 2014 2:52:02 PM org.apache.catalina.startup.HostConfig deployDirectory
INFO: Deploying web application directory monkey_foxwan_web
Apr 24, 2014 2:52:04 PM org.apache.coyote.http11.Http11Protocol start
INFO: Starting Coyote HTTP/1.1 on http-8181
Apr 24, 2014 2:52:04 PM org.apache.jk.common.ChannelSocket init
INFO: JK: ajp13 listening on /0.0.0.0:8009
Apr 24, 2014 2:52:04 PM org.apache.jk.server.JkMain start
INFO: Jk running ID=0 time=0/18  config=null
Apr 24, 2014 2:52:04 PM org.apache.catalina.startup.Catalina start
INFO: Server startup in 2121 ms
