十月 24, 2014 4:37:05 下午 org.apache.catalina.core.AprLifecycleListener init
信息: The APR based Apache Tomcat Native library which allows optimal performance in production environments was not found on the java.library.path: C:\Program Files\Java\jdk1.8.0_05\bin;C:\Windows\Sun\Java\bin;C:\Windows\system32;C:\Windows;C:\ProgramData\Oracle\Java\javapath;D:\Oracleclient\product\11.2.0\client_1\bin;D:\Oracle;C:\Program Files\Java\jdk1.8.0_05\bin;C:\Program Files (x86)\Intel\iCLS Client\;C:\Program Files\Intel\iCLS Client\;C:\Windows\system32;C:\Windows;C:\Windows\System32\Wbem;C:\Windows\System32\WindowsPowerShell\v1.0\;C:\Program Files (x86)\Intel\OpenCL SDK\3.0\bin\x86;C:\Program Files (x86)\Intel\OpenCL SDK\3.0\bin\x64;C:\Program Files\Intel\Intel(R) Management Engine Components\DAL;C:\Program Files\Intel\Intel(R) Management Engine Components\IPT;C:\Program Files (x86)\Intel\Intel(R) Management Engine Components\DAL;C:\Program Files (x86)\Intel\Intel(R) Management Engine Components\IPT;C:\Program Files\TortoiseSVN\bin;C:\Program Files (x86)\VisualSVN Server\bin;C:\Program Files (x86)\QuickTime\QTSystem\;C:\Program Files (x86)\IDM Computer Solutions\UltraEdit\;C:\Program Files (x86)\IDM Computer Solutions\UltraCompare\;.
十月 24, 2014 4:37:06 下午 org.apache.coyote.http11.Http11Protocol init
信息: Initializing Coyote HTTP/1.1 on http-8181
十月 24, 2014 4:37:06 下午 org.apache.catalina.startup.Catalina load
信息: Initialization processed in 2454 ms
十月 24, 2014 4:37:06 下午 org.apache.catalina.core.StandardService start
信息: Starting service Catalina
十月 24, 2014 4:37:06 下午 org.apache.catalina.core.StandardEngine start
信息: Starting Servlet Engine: Apache Tomcat/6.0.36
十月 24, 2014 4:37:06 下午 org.apache.catalina.startup.HostConfig deployDescriptor
信息: Deploying configuration descriptor host-manager.xml
十月 24, 2014 4:37:07 下午 org.apache.catalina.startup.HostConfig deployDescriptor
信息: Deploying configuration descriptor manager.xml
十月 24, 2014 4:37:07 下午 org.apache.catalina.startup.HostConfig deployDirectory
信息: Deploying web application directory docs
十月 24, 2014 4:37:07 下午 org.apache.catalina.startup.HostConfig deployDirectory
信息: Deploying web application directory examples
十月 24, 2014 4:37:08 下午 org.apache.catalina.startup.HostConfig deployDirectory
信息: Deploying web application directory monkey_foxwan_web
十月 24, 2014 4:37:13 下午 org.apache.catalina.startup.HostConfig deployDirectory
信息: Deploying web application directory ROOT
十月 24, 2014 4:37:13 下午 org.apache.coyote.http11.Http11Protocol start
信息: Starting Coyote HTTP/1.1 on http-8181
十月 24, 2014 4:37:13 下午 org.apache.jk.common.ChannelSocket init
信息: JK: ajp13 listening on /0.0.0.0:8009
十月 24, 2014 4:37:13 下午 org.apache.jk.server.JkMain start
信息: Jk running ID=0 time=0/17  config=null
十月 24, 2014 4:37:13 下午 org.apache.catalina.startup.Catalina start
信息: Server startup in 6648 ms
