May 20, 2014 9:34:39 AM org.apache.coyote.http11.Http11Protocol pause
INFO: Pausing Coyote HTTP/1.1 on http-8181
May 20, 2014 9:34:40 AM org.apache.catalina.core.StandardService stop
INFO: Stopping service Catalina
May 20, 2014 9:34:40 AM org.apache.catalina.loader.WebappClassLoader clearReferencesJdbc
SEVERE: The web application [/monkey_foxwan_web] registered the JDBC driver [com.mysql.jdbc.Driver] but failed to unregister it when the web application was stopped. To prevent a memory leak, the JDBC Driver has been forcibly unregistered.
May 20, 2014 9:34:40 AM org.apache.catalina.loader.WebappClassLoader clearReferencesJdbc
SEVERE: The web application [/monkey_foxwan_web] registered the JDBC driver [com.mysql.jdbc.Driver] but failed to unregister it when the web application was stopped. To prevent a memory leak, the JDBC Driver has been forcibly unregistered.
May 20, 2014 9:34:40 AM org.apache.catalina.loader.WebappClassLoader clearReferencesThreads
SEVERE: The web application [/monkey_foxwan_web] appears to have started a thread named [Thread-37] but has failed to stop it. This is very likely to create a memory leak.
May 20, 2014 9:34:40 AM org.apache.catalina.loader.WebappClassLoader clearReferencesThreads
SEVERE: The web application [/monkey_foxwan_web] appears to have started a thread named [NioProcessor-96] but has failed to stop it. This is very likely to create a memory leak.
May 20, 2014 9:34:40 AM org.apache.catalina.loader.WebappClassLoader clearReferencesThreads
SEVERE: The web application [/monkey_foxwan_web] appears to have started a thread named [Thread-38] but has failed to stop it. This is very likely to create a memory leak.
May 20, 2014 9:34:40 AM org.apache.catalina.loader.WebappClassLoader clearReferencesThreads
SEVERE: The web application [/monkey_foxwan_web] appears to have started a thread named [NioProcessor-107] but has failed to stop it. This is very likely to create a memory leak.
May 20, 2014 9:34:40 AM org.apache.catalina.loader.WebappClassLoader checkThreadLocalMapForLeaks
SEVERE: The web application [/monkey_foxwan_web] created a ThreadLocal with key of type [java.lang.ThreadLocal] (value [java.lang.ThreadLocal@348ed7c0]) and a value of type [com.ibatis.sqlmap.engine.mapping.result.ResultObjectFactoryUtil.FactorySettings] (value [com.ibatis.sqlmap.engine.mapping.result.ResultObjectFactoryUtil$FactorySettings@df69935]) but failed to remove it when the web application was stopped. This is very likely to create a memory leak.
May 20, 2014 9:34:40 AM org.apache.catalina.loader.WebappClassLoader checkThreadLocalMapForLeaks
SEVERE: The web application [/monkey_foxwan_web] created a ThreadLocal with key of type [net.sf.json.AbstractJSON$1] (value [net.sf.json.AbstractJSON$1@38c46dbc]) and a value of type [java.util.HashSet] (value [[]]) but failed to remove it when the web application was stopped. This is very likely to create a memory leak.
May 20, 2014 9:34:40 AM org.apache.catalina.loader.WebappClassLoader checkThreadLocalMapForLeaks
SEVERE: The web application [/monkey_foxwan_web] created a ThreadLocal with key of type [java.lang.ThreadLocal] (value [java.lang.ThreadLocal@68006ec1]) and a value of type [com.ibatis.sqlmap.engine.impl.SqlMapSessionImpl] (value [com.ibatis.sqlmap.engine.impl.SqlMapSessionImpl@7467763e]) but failed to remove it when the web application was stopped. This is very likely to create a memory leak.
May 20, 2014 9:34:40 AM org.apache.catalina.loader.WebappClassLoader checkThreadLocalMapForLeaks
SEVERE: The web application [/monkey_foxwan_web] created a ThreadLocal with key of type [java.lang.ThreadLocal] (value [java.lang.ThreadLocal@348ed7c0]) and a value of type [com.ibatis.sqlmap.engine.mapping.result.ResultObjectFactoryUtil.FactorySettings] (value [com.ibatis.sqlmap.engine.mapping.result.ResultObjectFactoryUtil$FactorySettings@34841c26]) but failed to remove it when the web application was stopped. This is very likely to create a memory leak.
May 20, 2014 9:34:40 AM org.apache.catalina.loader.WebappClassLoader checkThreadLocalMapForLeaks
SEVERE: The web application [/monkey_foxwan_web] created a ThreadLocal with key of type [net.sf.json.AbstractJSON$1] (value [net.sf.json.AbstractJSON$1@38c46dbc]) and a value of type [java.util.HashSet] (value [[]]) but failed to remove it when the web application was stopped. This is very likely to create a memory leak.
May 20, 2014 9:34:40 AM org.apache.catalina.loader.WebappClassLoader checkThreadLocalMapForLeaks
SEVERE: The web application [/monkey_foxwan_web] created a ThreadLocal with key of type [java.lang.ThreadLocal] (value [java.lang.ThreadLocal@68006ec1]) and a value of type [com.ibatis.sqlmap.engine.impl.SqlMapSessionImpl] (value [com.ibatis.sqlmap.engine.impl.SqlMapSessionImpl@4d541db9]) but failed to remove it when the web application was stopped. This is very likely to create a memory leak.
May 20, 2014 9:34:40 AM org.apache.catalina.loader.WebappClassLoader checkThreadLocalMapForLeaks
SEVERE: The web application [/monkey_foxwan_web] created a ThreadLocal with key of type [net.sf.json.AbstractJSON$1] (value [net.sf.json.AbstractJSON$1@38c46dbc]) and a value of type [java.util.HashSet] (value [[]]) but failed to remove it when the web application was stopped. This is very likely to create a memory leak.
May 20, 2014 9:34:40 AM org.apache.catalina.loader.WebappClassLoader checkThreadLocalMapForLeaks
SEVERE: The web application [/monkey_foxwan_web] created a ThreadLocal with key of type [java.lang.ThreadLocal] (value [java.lang.ThreadLocal@348ed7c0]) and a value of type [com.ibatis.sqlmap.engine.mapping.result.ResultObjectFactoryUtil.FactorySettings] (value [com.ibatis.sqlmap.engine.mapping.result.ResultObjectFactoryUtil$FactorySettings@4d6b8458]) but failed to remove it when the web application was stopped. This is very likely to create a memory leak.
May 20, 2014 9:34:40 AM org.apache.catalina.loader.WebappClassLoader checkThreadLocalMapForLeaks
SEVERE: The web application [/monkey_foxwan_web] created a ThreadLocal with key of type [net.sf.json.AbstractJSON$1] (value [net.sf.json.AbstractJSON$1@38c46dbc]) and a value of type [java.util.HashSet] (value [[]]) but failed to remove it when the web application was stopped. This is very likely to create a memory leak.
May 20, 2014 9:34:40 AM org.apache.catalina.loader.WebappClassLoader checkThreadLocalMapForLeaks
SEVERE: The web application [/monkey_foxwan_web] created a ThreadLocal with key of type [java.lang.ThreadLocal] (value [java.lang.ThreadLocal@68006ec1]) and a value of type [com.ibatis.sqlmap.engine.impl.SqlMapSessionImpl] (value [com.ibatis.sqlmap.engine.impl.SqlMapSessionImpl@4dbdd51d]) but failed to remove it when the web application was stopped. This is very likely to create a memory leak.
May 20, 2014 9:34:40 AM org.apache.catalina.loader.WebappClassLoader checkThreadLocalMapForLeaks
SEVERE: The web application [/monkey_foxwan_web] created a ThreadLocal with key of type [java.lang.ThreadLocal] (value [java.lang.ThreadLocal@348ed7c0]) and a value of type [com.ibatis.sqlmap.engine.mapping.result.ResultObjectFactoryUtil.FactorySettings] (value [com.ibatis.sqlmap.engine.mapping.result.ResultObjectFactoryUtil$FactorySettings@69f28aca]) but failed to remove it when the web application was stopped. This is very likely to create a memory leak.
May 20, 2014 9:34:40 AM org.apache.catalina.loader.WebappClassLoader checkThreadLocalMapForLeaks
SEVERE: The web application [/monkey_foxwan_web] created a ThreadLocal with key of type [net.sf.json.AbstractJSON$1] (value [net.sf.json.AbstractJSON$1@38c46dbc]) and a value of type [java.util.HashSet] (value [[]]) but failed to remove it when the web application was stopped. This is very likely to create a memory leak.
May 20, 2014 9:34:40 AM org.apache.catalina.loader.WebappClassLoader checkThreadLocalMapForLeaks
SEVERE: The web application [/monkey_foxwan_web] created a ThreadLocal with key of type [java.lang.ThreadLocal] (value [java.lang.ThreadLocal@68006ec1]) and a value of type [com.ibatis.sqlmap.engine.impl.SqlMapSessionImpl] (value [com.ibatis.sqlmap.engine.impl.SqlMapSessionImpl@32760a1d]) but failed to remove it when the web application was stopped. This is very likely to create a memory leak.
May 20, 2014 9:34:40 AM org.apache.catalina.loader.WebappClassLoader checkThreadLocalMapForLeaks
SEVERE: The web application [/monkey_foxwan_web] created a ThreadLocal with key of type [java.lang.ThreadLocal] (value [java.lang.ThreadLocal@348ed7c0]) and a value of type [com.ibatis.sqlmap.engine.mapping.result.ResultObjectFactoryUtil.FactorySettings] (value [com.ibatis.sqlmap.engine.mapping.result.ResultObjectFactoryUtil$FactorySettings@63920fcc]) but failed to remove it when the web application was stopped. This is very likely to create a memory leak.
May 20, 2014 9:34:40 AM org.apache.catalina.loader.WebappClassLoader checkThreadLocalMapForLeaks
SEVERE: The web application [/monkey_foxwan_web] created a ThreadLocal with key of type [net.sf.json.AbstractJSON$1] (value [net.sf.json.AbstractJSON$1@38c46dbc]) and a value of type [java.util.HashSet] (value [[]]) but failed to remove it when the web application was stopped. This is very likely to create a memory leak.
May 20, 2014 9:34:40 AM org.apache.catalina.loader.WebappClassLoader checkThreadLocalMapForLeaks
SEVERE: The web application [/monkey_foxwan_web] created a ThreadLocal with key of type [java.lang.ThreadLocal] (value [java.lang.ThreadLocal@68006ec1]) and a value of type [com.ibatis.sqlmap.engine.impl.SqlMapSessionImpl] (value [com.ibatis.sqlmap.engine.impl.SqlMapSessionImpl@a4b4d26]) but failed to remove it when the web application was stopped. This is very likely to create a memory leak.
May 20, 2014 9:34:40 AM org.apache.catalina.loader.WebappClassLoader checkThreadLocalMapForLeaks
SEVERE: The web application [/monkey_foxwan_web] created a ThreadLocal with key of type [java.lang.ThreadLocal] (value [java.lang.ThreadLocal@348ed7c0]) and a value of type [com.ibatis.sqlmap.engine.mapping.result.ResultObjectFactoryUtil.FactorySettings] (value [com.ibatis.sqlmap.engine.mapping.result.ResultObjectFactoryUtil$FactorySettings@55b5ff11]) but failed to remove it when the web application was stopped. This is very likely to create a memory leak.
May 20, 2014 9:34:40 AM org.apache.catalina.loader.WebappClassLoader checkThreadLocalMapForLeaks
SEVERE: The web application [/monkey_foxwan_web] created a ThreadLocal with key of type [net.sf.json.AbstractJSON$1] (value [net.sf.json.AbstractJSON$1@38c46dbc]) and a value of type [java.util.HashSet] (value [[]]) but failed to remove it when the web application was stopped. This is very likely to create a memory leak.
May 20, 2014 9:34:40 AM org.apache.catalina.loader.WebappClassLoader checkThreadLocalMapForLeaks
SEVERE: The web application [/monkey_foxwan_web] created a ThreadLocal with key of type [java.lang.ThreadLocal] (value [java.lang.ThreadLocal@68006ec1]) and a value of type [com.ibatis.sqlmap.engine.impl.SqlMapSessionImpl] (value [com.ibatis.sqlmap.engine.impl.SqlMapSessionImpl@1f7ce10d]) but failed to remove it when the web application was stopped. This is very likely to create a memory leak.
May 20, 2014 9:34:40 AM org.apache.catalina.loader.WebappClassLoader checkThreadLocalMapForLeaks
SEVERE: The web application [/monkey_foxwan_web] created a ThreadLocal with key of type [java.lang.ThreadLocal] (value [java.lang.ThreadLocal@348ed7c0]) and a value of type [com.ibatis.sqlmap.engine.mapping.result.ResultObjectFactoryUtil.FactorySettings] (value [com.ibatis.sqlmap.engine.mapping.result.ResultObjectFactoryUtil$FactorySettings@3f9b2ca1]) but failed to remove it when the web application was stopped. This is very likely to create a memory leak.
May 20, 2014 9:34:40 AM org.apache.catalina.loader.WebappClassLoader checkThreadLocalMapForLeaks
SEVERE: The web application [/monkey_foxwan_web] created a ThreadLocal with key of type [net.sf.json.AbstractJSON$1] (value [net.sf.json.AbstractJSON$1@38c46dbc]) and a value of type [java.util.HashSet] (value [[]]) but failed to remove it when the web application was stopped. This is very likely to create a memory leak.
May 20, 2014 9:34:40 AM org.apache.catalina.loader.WebappClassLoader checkThreadLocalMapForLeaks
SEVERE: The web application [/monkey_foxwan_web] created a ThreadLocal with key of type [java.lang.ThreadLocal] (value [java.lang.ThreadLocal@68006ec1]) and a value of type [com.ibatis.sqlmap.engine.impl.SqlMapSessionImpl] (value [com.ibatis.sqlmap.engine.impl.SqlMapSessionImpl@648f1ea6]) but failed to remove it when the web application was stopped. This is very likely to create a memory leak.
May 20, 2014 9:34:40 AM org.apache.catalina.loader.WebappClassLoader checkThreadLocalMapForLeaks
SEVERE: The web application [/monkey_foxwan_web] created a ThreadLocal with key of type [java.lang.ThreadLocal] (value [java.lang.ThreadLocal@348ed7c0]) and a value of type [com.ibatis.sqlmap.engine.mapping.result.ResultObjectFactoryUtil.FactorySettings] (value [com.ibatis.sqlmap.engine.mapping.result.ResultObjectFactoryUtil$FactorySettings@702557dd]) but failed to remove it when the web application was stopped. This is very likely to create a memory leak.
May 20, 2014 9:34:40 AM org.apache.catalina.loader.WebappClassLoader checkThreadLocalMapForLeaks
SEVERE: The web application [/monkey_foxwan_web] created a ThreadLocal with key of type [net.sf.json.AbstractJSON$1] (value [net.sf.json.AbstractJSON$1@38c46dbc]) and a value of type [java.util.HashSet] (value [[]]) but failed to remove it when the web application was stopped. This is very likely to create a memory leak.
May 20, 2014 9:34:40 AM org.apache.catalina.loader.WebappClassLoader checkThreadLocalMapForLeaks
SEVERE: The web application [/monkey_foxwan_web] created a ThreadLocal with key of type [java.lang.ThreadLocal] (value [java.lang.ThreadLocal@68006ec1]) and a value of type [com.ibatis.sqlmap.engine.impl.SqlMapSessionImpl] (value [com.ibatis.sqlmap.engine.impl.SqlMapSessionImpl@23aba7b0]) but failed to remove it when the web application was stopped. This is very likely to create a memory leak.
May 20, 2014 9:34:40 AM org.apache.catalina.loader.WebappClassLoader checkThreadLocalMapForLeaks
SEVERE: The web application [/monkey_foxwan_web] created a ThreadLocal with key of type [java.lang.ThreadLocal] (value [java.lang.ThreadLocal@348ed7c0]) and a value of type [com.ibatis.sqlmap.engine.mapping.result.ResultObjectFactoryUtil.FactorySettings] (value [com.ibatis.sqlmap.engine.mapping.result.ResultObjectFactoryUtil$FactorySettings@5a8e261b]) but failed to remove it when the web application was stopped. This is very likely to create a memory leak.
May 20, 2014 9:34:40 AM org.apache.catalina.loader.WebappClassLoader checkThreadLocalMapForLeaks
SEVERE: The web application [/monkey_foxwan_web] created a ThreadLocal with key of type [net.sf.json.AbstractJSON$1] (value [net.sf.json.AbstractJSON$1@38c46dbc]) and a value of type [java.util.HashSet] (value [[]]) but failed to remove it when the web application was stopped. This is very likely to create a memory leak.
May 20, 2014 9:34:40 AM org.apache.catalina.loader.WebappClassLoader checkThreadLocalMapForLeaks
SEVERE: The web application [/monkey_foxwan_web] created a ThreadLocal with key of type [java.lang.ThreadLocal] (value [java.lang.ThreadLocal@68006ec1]) and a value of type [com.ibatis.sqlmap.engine.impl.SqlMapSessionImpl] (value [com.ibatis.sqlmap.engine.impl.SqlMapSessionImpl@2a67e50f]) but failed to remove it when the web application was stopped. This is very likely to create a memory leak.
May 20, 2014 9:34:40 AM org.apache.catalina.loader.WebappClassLoader checkThreadLocalMapForLeaks
SEVERE: The web application [/monkey_foxwan_web] created a ThreadLocal with key of type [java.lang.ThreadLocal] (value [java.lang.ThreadLocal@348ed7c0]) and a value of type [com.ibatis.sqlmap.engine.mapping.result.ResultObjectFactoryUtil.FactorySettings] (value [com.ibatis.sqlmap.engine.mapping.result.ResultObjectFactoryUtil$FactorySettings@aef5189]) but failed to remove it when the web application was stopped. This is very likely to create a memory leak.
May 20, 2014 9:34:40 AM org.apache.catalina.loader.WebappClassLoader checkThreadLocalMapForLeaks
SEVERE: The web application [/monkey_foxwan_web] created a ThreadLocal with key of type [net.sf.json.AbstractJSON$1] (value [net.sf.json.AbstractJSON$1@38c46dbc]) and a value of type [java.util.HashSet] (value [[]]) but failed to remove it when the web application was stopped. This is very likely to create a memory leak.
May 20, 2014 9:34:40 AM org.apache.catalina.loader.WebappClassLoader checkThreadLocalMapForLeaks
SEVERE: The web application [/monkey_foxwan_web] created a ThreadLocal with key of type [java.lang.ThreadLocal] (value [java.lang.ThreadLocal@68006ec1]) and a value of type [com.ibatis.sqlmap.engine.impl.SqlMapSessionImpl] (value [com.ibatis.sqlmap.engine.impl.SqlMapSessionImpl@65d1fefa]) but failed to remove it when the web application was stopped. This is very likely to create a memory leak.
May 20, 2014 9:34:40 AM org.apache.catalina.loader.WebappClassLoader checkThreadLocalMapForLeaks
SEVERE: The web application [/monkey_foxwan_web] created a ThreadLocal with key of type [java.lang.ThreadLocal] (value [java.lang.ThreadLocal@348ed7c0]) and a value of type [com.ibatis.sqlmap.engine.mapping.result.ResultObjectFactoryUtil.FactorySettings] (value [com.ibatis.sqlmap.engine.mapping.result.ResultObjectFactoryUtil$FactorySettings@3dbb034f]) but failed to remove it when the web application was stopped. This is very likely to create a memory leak.
May 20, 2014 9:34:40 AM org.apache.catalina.loader.WebappClassLoader checkThreadLocalMapForLeaks
SEVERE: The web application [/monkey_foxwan_web] created a ThreadLocal with key of type [net.sf.json.AbstractJSON$1] (value [net.sf.json.AbstractJSON$1@38c46dbc]) and a value of type [java.util.HashSet] (value [[]]) but failed to remove it when the web application was stopped. This is very likely to create a memory leak.
May 20, 2014 9:34:40 AM org.apache.catalina.loader.WebappClassLoader checkThreadLocalMapForLeaks
SEVERE: The web application [/monkey_foxwan_web] created a ThreadLocal with key of type [java.lang.ThreadLocal] (value [java.lang.ThreadLocal@68006ec1]) and a value of type [com.ibatis.sqlmap.engine.impl.SqlMapSessionImpl] (value [com.ibatis.sqlmap.engine.impl.SqlMapSessionImpl@40d65732]) but failed to remove it when the web application was stopped. This is very likely to create a memory leak.
May 20, 2014 9:34:40 AM org.apache.catalina.loader.WebappClassLoader checkThreadLocalMapForLeaks
SEVERE: The web application [/monkey_foxwan_web] created a ThreadLocal with key of type [java.lang.ThreadLocal] (value [java.lang.ThreadLocal@348ed7c0]) and a value of type [com.ibatis.sqlmap.engine.mapping.result.ResultObjectFactoryUtil.FactorySettings] (value [com.ibatis.sqlmap.engine.mapping.result.ResultObjectFactoryUtil$FactorySettings@37f6b4df]) but failed to remove it when the web application was stopped. This is very likely to create a memory leak.
May 20, 2014 9:34:40 AM org.apache.catalina.loader.WebappClassLoader checkThreadLocalMapForLeaks
SEVERE: The web application [/monkey_foxwan_web] created a ThreadLocal with key of type [net.sf.json.AbstractJSON$1] (value [net.sf.json.AbstractJSON$1@38c46dbc]) and a value of type [java.util.HashSet] (value [[]]) but failed to remove it when the web application was stopped. This is very likely to create a memory leak.
May 20, 2014 9:34:40 AM org.apache.catalina.loader.WebappClassLoader checkThreadLocalMapForLeaks
SEVERE: The web application [/monkey_foxwan_web] created a ThreadLocal with key of type [java.lang.ThreadLocal] (value [java.lang.ThreadLocal@68006ec1]) and a value of type [com.ibatis.sqlmap.engine.impl.SqlMapSessionImpl] (value [com.ibatis.sqlmap.engine.impl.SqlMapSessionImpl@25dcb92d]) but failed to remove it when the web application was stopped. This is very likely to create a memory leak.
May 20, 2014 9:34:40 AM org.apache.catalina.loader.WebappClassLoader checkThreadLocalMapForLeaks
SEVERE: The web application [/monkey_foxwan_web] created a ThreadLocal with key of type [java.lang.ThreadLocal] (value [java.lang.ThreadLocal@348ed7c0]) and a value of type [com.ibatis.sqlmap.engine.mapping.result.ResultObjectFactoryUtil.FactorySettings] (value [com.ibatis.sqlmap.engine.mapping.result.ResultObjectFactoryUtil$FactorySettings@3e014cc6]) but failed to remove it when the web application was stopped. This is very likely to create a memory leak.
May 20, 2014 9:34:40 AM org.apache.catalina.loader.WebappClassLoader checkThreadLocalMapForLeaks
SEVERE: The web application [/monkey_foxwan_web] created a ThreadLocal with key of type [net.sf.json.AbstractJSON$1] (value [net.sf.json.AbstractJSON$1@38c46dbc]) and a value of type [java.util.HashSet] (value [[]]) but failed to remove it when the web application was stopped. This is very likely to create a memory leak.
May 20, 2014 9:34:40 AM org.apache.catalina.loader.WebappClassLoader checkThreadLocalMapForLeaks
SEVERE: The web application [/monkey_foxwan_web] created a ThreadLocal with key of type [java.lang.ThreadLocal] (value [java.lang.ThreadLocal@68006ec1]) and a value of type [com.ibatis.sqlmap.engine.impl.SqlMapSessionImpl] (value [com.ibatis.sqlmap.engine.impl.SqlMapSessionImpl@47577af7]) but failed to remove it when the web application was stopped. This is very likely to create a memory leak.
May 20, 2014 9:34:40 AM org.apache.catalina.loader.WebappClassLoader checkThreadLocalMapForLeaks
SEVERE: The web application [/monkey_foxwan_web] created a ThreadLocal with key of type [java.lang.ThreadLocal] (value [java.lang.ThreadLocal@348ed7c0]) and a value of type [com.ibatis.sqlmap.engine.mapping.result.ResultObjectFactoryUtil.FactorySettings] (value [com.ibatis.sqlmap.engine.mapping.result.ResultObjectFactoryUtil$FactorySettings@404a12b8]) but failed to remove it when the web application was stopped. This is very likely to create a memory leak.
May 20, 2014 9:34:40 AM org.apache.catalina.loader.WebappClassLoader checkThreadLocalMapForLeaks
SEVERE: The web application [/monkey_foxwan_web] created a ThreadLocal with key of type [net.sf.json.AbstractJSON$1] (value [net.sf.json.AbstractJSON$1@38c46dbc]) and a value of type [java.util.HashSet] (value [[]]) but failed to remove it when the web application was stopped. This is very likely to create a memory leak.
May 20, 2014 9:34:40 AM org.apache.catalina.loader.WebappClassLoader checkThreadLocalMapForLeaks
SEVERE: The web application [/monkey_foxwan_web] created a ThreadLocal with key of type [java.lang.ThreadLocal] (value [java.lang.ThreadLocal@68006ec1]) and a value of type [com.ibatis.sqlmap.engine.impl.SqlMapSessionImpl] (value [com.ibatis.sqlmap.engine.impl.SqlMapSessionImpl@3f130f01]) but failed to remove it when the web application was stopped. This is very likely to create a memory leak.
May 20, 2014 9:34:40 AM org.apache.catalina.loader.WebappClassLoader checkThreadLocalMapForLeaks
SEVERE: The web application [/monkey_foxwan_web] created a ThreadLocal with key of type [net.sf.json.AbstractJSON$1] (value [net.sf.json.AbstractJSON$1@38c46dbc]) and a value of type [java.util.HashSet] (value [[]]) but failed to remove it when the web application was stopped. This is very likely to create a memory leak.
May 20, 2014 9:34:40 AM org.apache.catalina.loader.WebappClassLoader checkThreadLocalMapForLeaks
SEVERE: The web application [/monkey_foxwan_web] created a ThreadLocal with key of type [net.sf.json.AbstractJSON$1] (value [net.sf.json.AbstractJSON$1@38c46dbc]) and a value of type [java.util.HashSet] (value [[]]) but failed to remove it when the web application was stopped. This is very likely to create a memory leak.
May 20, 2014 9:34:40 AM org.apache.catalina.loader.WebappClassLoader checkThreadLocalMapForLeaks
SEVERE: The web application [/monkey_foxwan_web] created a ThreadLocal with key of type [net.sf.json.AbstractJSON$1] (value [net.sf.json.AbstractJSON$1@38c46dbc]) and a value of type [java.util.HashSet] (value [[]]) but failed to remove it when the web application was stopped. This is very likely to create a memory leak.
May 20, 2014 9:34:40 AM org.apache.catalina.loader.WebappClassLoader checkThreadLocalMapForLeaks
SEVERE: The web application [/monkey_foxwan_web] created a ThreadLocal with key of type [net.sf.json.AbstractJSON$1] (value [net.sf.json.AbstractJSON$1@38c46dbc]) and a value of type [java.util.HashSet] (value [[]]) but failed to remove it when the web application was stopped. This is very likely to create a memory leak.
May 20, 2014 9:34:40 AM org.apache.catalina.loader.WebappClassLoader checkThreadLocalMapForLeaks
SEVERE: The web application [/monkey_foxwan_web] created a ThreadLocal with key of type [java.lang.ThreadLocal] (value [java.lang.ThreadLocal@348ed7c0]) and a value of type [com.ibatis.sqlmap.engine.mapping.result.ResultObjectFactoryUtil.FactorySettings] (value [com.ibatis.sqlmap.engine.mapping.result.ResultObjectFactoryUtil$FactorySettings@7c3e2b00]) but failed to remove it when the web application was stopped. This is very likely to create a memory leak.
May 20, 2014 9:34:40 AM org.apache.catalina.loader.WebappClassLoader checkThreadLocalMapForLeaks
SEVERE: The web application [/monkey_foxwan_web] created a ThreadLocal with key of type [net.sf.json.AbstractJSON$1] (value [net.sf.json.AbstractJSON$1@38c46dbc]) and a value of type [java.util.HashSet] (value [[]]) but failed to remove it when the web application was stopped. This is very likely to create a memory leak.
May 20, 2014 9:34:40 AM org.apache.catalina.loader.WebappClassLoader checkThreadLocalMapForLeaks
SEVERE: The web application [/monkey_foxwan_web] created a ThreadLocal with key of type [java.lang.ThreadLocal] (value [java.lang.ThreadLocal@68006ec1]) and a value of type [com.ibatis.sqlmap.engine.impl.SqlMapSessionImpl] (value [com.ibatis.sqlmap.engine.impl.SqlMapSessionImpl@55794cb9]) but failed to remove it when the web application was stopped. This is very likely to create a memory leak.
May 20, 2014 9:34:40 AM org.apache.coyote.http11.Http11Protocol destroy
INFO: Stopping Coyote HTTP/1.1 on http-8181
May 20, 2014 9:34:52 AM org.apache.catalina.core.AprLifecycleListener init
INFO: The APR based Apache Tomcat Native library which allows optimal performance in production environments was not found on the java.library.path: /usr/java/jdk1.6.0_45/jre/lib/amd64/server:/usr/java/jdk1.6.0_45/jre/lib/amd64:/usr/java/jdk1.6.0_45/jre/../lib/amd64:/usr/java/packages/lib/amd64:/usr/lib64:/lib64:/lib:/usr/lib
May 20, 2014 9:34:52 AM org.apache.coyote.http11.Http11Protocol init
INFO: Initializing Coyote HTTP/1.1 on http-8181
May 20, 2014 9:34:52 AM org.apache.catalina.startup.Catalina load
INFO: Initialization processed in 491 ms
May 20, 2014 9:34:52 AM org.apache.catalina.core.StandardService start
INFO: Starting service Catalina
May 20, 2014 9:34:52 AM org.apache.catalina.core.StandardEngine start
INFO: Starting Servlet Engine: Apache Tomcat/6.0.36
May 20, 2014 9:34:52 AM org.apache.catalina.startup.HostConfig deployDescriptor
INFO: Deploying configuration descriptor host-manager.xml
May 20, 2014 9:34:52 AM org.apache.catalina.startup.HostConfig deployDescriptor
INFO: Deploying configuration descriptor manager.xml
May 20, 2014 9:34:52 AM org.apache.catalina.startup.HostConfig deployDirectory
INFO: Deploying web application directory ROOT
May 20, 2014 9:34:52 AM org.apache.catalina.startup.HostConfig deployDirectory
INFO: Deploying web application directory examples
May 20, 2014 9:34:52 AM org.apache.catalina.startup.HostConfig deployDirectory
INFO: Deploying web application directory docs
May 20, 2014 9:34:52 AM org.apache.catalina.startup.HostConfig deployDirectory
INFO: Deploying web application directory monkey_foxwan_web
May 20, 2014 9:34:54 AM org.apache.coyote.http11.Http11Protocol start
INFO: Starting Coyote HTTP/1.1 on http-8181
May 20, 2014 9:34:54 AM org.apache.jk.common.ChannelSocket init
INFO: JK: ajp13 listening on /0.0.0.0:8009
May 20, 2014 9:34:54 AM org.apache.jk.server.JkMain start
INFO: Jk running ID=0 time=1/23  config=null
May 20, 2014 9:34:54 AM org.apache.catalina.startup.Catalina start
INFO: Server startup in 2014 ms
